500
5 2

positive 5
2 3.379564 0.134854 
4 0.084658 1.913155 
2 1.019765 -1.340444 
4 -1.561453 -0.295394 
4 -0.932284 0.500819 

positive 5
2 1.299795 -1.967518 
4 1.158379 0.349557 
1 -0.494265 1.049095 
0 -0.178465 0.587155 
1 -0.542901 0.017695 

positive 5
0 -2.892789 1.379521 
4 1.515605 -1.460189 
4 0.862813 1.865935 
2 1.664189 -0.879215 
0 1.129727 0.401142 

positive 8
2 2.687442 -2.026929 
0 -0.601160 2.421359 
2 1.971166 -0.181119 
4 0.474162 -1.237745 
0 1.228852 -0.114598 
1 0.748094 0.451843 
0 -0.614393 -0.549126 
4 -0.733324 -0.030798 

positive 6
2 0.936058 1.059651 
3 -0.160585 1.345525 
0 0.682184 -0.791445 
4 0.729205 -0.427948 
2 -0.019589 -0.790715 
1 0.247287 0.621826 

positive 10
2 3.035756 -0.439679 
3 0.453526 2.611005 
1 -0.292579 2.150320 
4 -0.847855 -1.746903 
2 1.607541 0.837693 
3 0.265257 1.601869 
2 1.097724 0.476270 
2 0.903160 -0.758566 
4 -0.997257 0.077228 
0 -0.111123 0.579822 

positive 10
2 2.550790 1.950292 
2 3.162764 0.117498 
0 1.745623 0.703178 
3 -1.566070 0.633746 
1 1.172771 1.159719 
1 0.252933 1.426826 
2 0.965198 -1.020332 
0 0.483546 -0.385405 
0 0.257790 0.201500 
1 -0.044141 -0.222111 

positive 10
2 2.923723 1.341318 
2 2.054632 -0.266451 
3 -1.759790 0.812909 
0 -0.980477 1.177900 
3 -0.287217 1.398517 
4 -0.536207 -1.039682 
4 1.016692 0.340469 
4 -0.537826 0.447596 
1 0.110637 0.410529 
4 -0.327013 0.123980 

positive 9
2 3.291188 -0.882304 
2 2.477285 0.102118 
0 -1.929263 -0.584578 
4 -0.405527 -1.224406 
4 -0.954653 0.184658 
1 0.756581 0.399591 
3 -0.162660 0.642388 
4 -0.038544 0.660505 
0 -0.510200 -0.120607 

positive 8
3 -0.002005 4.306870 
2 2.772153 -0.747014 
2 2.356263 1.633702 
3 1.281698 2.321266 
0 -0.993205 2.073097 
1 -0.968912 -1.574407 
4 -0.076922 0.425629 
0 -0.260597 -0.148244 

positive 6
2 4.530878 -0.803335 
4 0.776301 -2.191867 
2 -0.965662 -0.354016 
0 -0.728400 0.527637 
4 0.130169 0.293821 
0 -0.006427 -0.183535 

positive 10
2 3.382343 0.359428 
2 2.758401 0.353161 
0 -2.057290 -0.691546 
1 -0.930315 1.576901 
2 1.631296 0.341683 
0 1.549118 -0.326185 
4 -0.860286 1.157253 
4 0.049599 -0.980358 
1 -0.785234 0.083263 
1 -0.098080 -0.250889 

positive 10
0 -1.190686 -3.176385 
4 3.104245 0.049952 
1 -0.813004 2.148610 
3 0.125065 2.201936 
3 -0.077069 1.949589 
1 -1.481074 -0.195959 
1 1.097043 -0.185688 
4 -1.071374 -0.052708 
0 0.158891 0.574349 
1 -0.241365 -0.370253 

positive 5
3 -0.574169 2.468195 
0 0.453964 -1.526176 
3 -0.570238 1.311015 
1 -1.332326 0.018257 
4 -1.219680 0.200821 

positive 9
2 2.973412 -0.550462 
4 -0.563740 1.764694 
0 -1.283479 0.502205 
0 -0.091153 -1.054727 
1 0.135987 -0.969269 
4 0.397007 -0.804569 
4 -0.342972 0.501704 
1 0.489575 -0.328333 
4 0.118988 -0.460615 

positive 10
2 3.406805 0.581127 
4 1.826992 0.439856 
1 -1.570204 -0.744686 
0 1.735275 0.039695 
0 0.622921 -1.423345 
1 -0.793838 0.953467 
3 0.968378 0.637954 
4 1.037417 0.391286 
0 -0.043828 0.858176 
1 0.580357 -0.523948 

positive 8
3 -0.011011 3.511854 
3 0.132688 2.161357 
2 0.956207 -1.827304 
3 0.028667 1.504537 
4 -0.291073 -1.142449 
3 -0.901207 0.707643 
0 -0.553642 -0.041427 
4 0.114084 -0.049469 

positive 5
2 2.703462 1.379474 
2 1.646916 0.045479 
1 1.578474 0.179623 
0 0.768905 1.139075 
0 0.146369 -0.337280 

positive 7
3 -0.744073 2.667186 
0 -1.511197 0.346146 
2 1.350292 0.236880 
3 0.262507 1.175070 
3 -0.088827 1.045343 
0 0.043168 -0.549960 
2 0.041316 -0.189723 

positive 7
2 1.436960 1.858027 
4 -1.495313 0.481517 
3 0.745862 1.222175 
3 -0.573305 1.057349 
1 0.290761 1.077284 
3 -0.475624 0.136359 
1 0.173385 -0.259902 

positive 5
3 -0.684821 3.670609 
2 -0.131479 -2.163648 
1 -1.220736 -0.042850 
1 0.005058 -0.948731 
4 0.067397 -0.610726 

positive 10
3 -1.402033 3.644748 
3 -2.379671 1.708192 
2 2.337539 0.625298 
3 -1.328667 1.735996 
3 0.403253 1.378148 
4 -0.660221 -1.191837 
0 1.063303 -0.807510 
0 0.380536 -0.970146 
0 0.600768 0.086026 
0 0.381314 -0.356261 

positive 5
1 1.962597 0.129834 
1 -1.370602 -1.267360 
2 1.552004 -0.846884 
0 -0.742190 -1.235779 
1 0.031443 1.107376 

positive 10
2 4.002035 1.399876 
3 1.426976 2.740307 
3 -0.055931 1.467892 
1 1.382000 -0.268945 
2 1.065190 -0.867395 
0 0.894052 0.399364 
2 0.268629 0.825659 
0 0.330711 -0.708290 
1 0.641040 0.343986 
4 -0.424637 -0.521619 

positive 6
3 0.930181 3.798658 
2 3.665477 -1.188347 
2 3.455599 1.171262 
2 1.633306 0.884198 
0 -1.206504 -0.443509 
4 -0.456808 0.915141 

positive 10
3 0.034791 3.349846 
2 3.217245 -0.381053 
3 -0.830594 2.506408 
1 -2.371424 -0.195550 
1 2.197410 0.795809 
3 1.505398 1.368112 
3 0.097174 1.504135 
0 -0.103830 1.186671 
1 -0.709191 -0.654686 
0 0.226247 -0.765413 

positive 5
0 2.006482 0.850726 
1 -0.883116 0.898349 
0 0.906771 0.462102 
2 0.633292 -0.646432 
1 0.571063 -0.119943 

positive 6
3 1.401251 3.699941 
2 3.374588 0.579751 
2 2.248698 2.005945 
2 2.853327 0.531466 
3 1.241874 2.203183 
2 0.715836 -0.678163 

positive 8
2 3.087084 1.992225 
3 0.459476 2.260735 
0 1.221289 0.266919 
1 0.787854 0.600505 
0 -0.705134 0.262077 
4 0.568975 0.367397 
1 0.451575 -0.320041 
4 -0.337124 0.300234 

positive 6
3 0.038012 3.936437 
2 1.559804 -0.297589 
0 1.161839 0.795821 
4 -1.307133 0.054506 
1 -0.039777 0.619437 
1 -0.327939 -0.184001 

positive 5
3 0.460056 1.391107 
0 1.271556 0.700556 
2 0.592650 0.315808 
1 -0.285291 0.312386 
1 0.073423 0.127923 

positive 10
3 -1.153062 3.824946 
4 -3.298947 0.161641 
4 -1.604865 1.964787 
3 0.008946 2.448556 
2 0.911492 1.739272 
3 -0.089815 1.847340 
1 1.765627 0.490248 
1 -0.483767 1.084929 
1 -0.974455 -0.148906 
0 0.057162 -0.402414 

positive 5
2 1.100510 -1.782599 
1 1.073640 1.273986 
3 0.859259 0.935955 
1 1.047362 -0.044229 
0 0.280422 0.378825 

positive 8
3 1.394380 2.700797 
0 -2.421864 -0.852068 
2 2.419867 0.387467 
1 0.769238 -1.970206 
0 1.187209 -1.400528 
0 -0.435635 -1.088041 
4 0.743678 0.126145 
1 0.607052 0.215065 

positive 9
1 -2.070782 -2.214506 
1 1.137979 -2.196878 
3 -0.373246 2.208658 
1 1.024985 -0.234157 
4 -0.413927 0.920652 
1 0.336359 -0.906596 
0 0.545558 -0.654970 
0 0.565465 -0.419553 
4 -0.290414 -0.410781 

positive 9
3 0.478735 2.219068 
3 0.094040 2.193421 
3 -0.510967 1.711123 
4 0.067631 1.622102 
1 0.910763 0.907357 
1 -1.015774 0.571718 
4 0.119421 -1.149415 
3 -0.019081 1.073208 
1 0.135671 0.845747 

positive 10
3 0.239267 3.832403 
2 2.986763 -1.570521 
1 -0.332692 3.219294 
0 -1.613887 -1.785253 
3 1.130003 1.571414 
1 -1.763328 0.227874 
4 -0.880498 0.846599 
4 0.395888 -1.073204 
4 1.016515 -0.002415 
0 0.520451 0.018602 

positive 6
3 -0.500654 2.217966 
2 2.118090 -0.546713 
3 -0.450745 1.880509 
1 1.799568 0.399343 
2 1.224698 -0.169527 
4 -0.354981 -0.061182 

positive 9
2 3.212239 -0.690506 
2 2.689232 -0.412202 
3 -0.625372 2.526200 
2 1.671529 1.317504 
2 2.098406 -0.169409 
4 1.345368 0.774893 
0 -0.334266 -1.515744 
0 0.220881 1.098950 
1 -0.188574 1.037074 

positive 8
1 -2.547364 0.255830 
2 1.970929 1.350039 
2 2.267898 0.061691 
1 1.661860 0.682140 
4 -1.489416 0.281685 
0 0.439367 -1.231725 
1 -0.255841 -0.976842 
0 0.892793 -0.284208 

positive 8
2 3.678132 -1.590374 
3 -0.698207 1.622129 
0 1.481525 0.270389 
3 -0.678174 0.499423 
0 0.288362 -0.617054 
4 -0.602215 0.165118 
3 -0.207340 0.521902 
4 0.222835 0.041991 

positive 5
3 1.144785 3.354338 
2 3.503002 -0.026514 
3 -0.747243 3.013353 
4 -0.707403 0.166665 
0 0.260307 0.074720 

positive 10
1 -1.976107 2.646143 
3 -0.743893 2.437883 
0 -0.073427 -1.592651 
4 1.496538 0.074414 
0 1.221043 0.072624 
1 1.088078 0.001128 
0 -0.574728 -0.863783 
0 -0.795360 0.391450 
0 0.832061 -0.280706 
1 0.844132 0.000946 

positive 10
2 1.369476 -1.789803 
3 0.874727 2.050184 
2 2.223412 0.010070 
4 1.447598 -1.136953 
1 1.055515 -1.428319 
4 0.295072 -1.499268 
1 -0.782204 -0.276776 
1 -0.023733 -0.786654 
1 0.578816 -0.285029 
1 0.255241 0.426188 

positive 7
2 3.044012 -0.038871 
3 -1.817849 1.761080 
1 1.517462 1.546075 
0 -0.047919 -1.620909 
0 -0.288105 1.445707 
0 0.737639 1.124272 
1 0.127288 0.204934 

positive 8
3 0.872100 4.345220 
3 1.179922 3.216784 
4 1.324486 0.158749 
0 0.287713 1.103444 
2 1.003784 -0.371677 
1 -0.481780 -0.059541 
1 -0.136116 0.428627 
0 -0.068947 -0.050597 

positive 7
0 -1.547323 2.337576 
3 -0.683801 1.465258 
1 1.328699 -0.708376 
0 0.167323 -1.169764 
2 0.882603 -0.179118 
3 0.212882 0.844875 
0 0.728014 0.156409 

positive 5
3 -0.967319 2.982692 
2 2.031930 -0.738266 
0 0.351846 1.286602 
1 -0.398083 0.812002 
1 -0.345077 -0.200845 

positive 6
4 1.989510 -0.558437 
2 1.930596 0.426331 
1 0.664661 -1.139144 
0 -0.346481 -1.122788 
0 -0.052799 0.590338 
4 -0.345766 -0.243948 

positive 7
2 2.160058 -1.408679 
0 -2.144958 -1.050785 
3 -0.177093 2.062659 
1 1.030833 -1.590540 
3 0.307934 1.389096 
1 0.721615 -0.693280 
1 -0.603418 -0.262736 

positive 8
2 3.847111 0.193520 
3 1.738573 2.088322 
0 -1.494218 0.732652 
3 -0.125008 1.659261 
1 0.614584 0.583759 
0 0.477906 0.615451 
0 0.256291 -0.128198 
0 0.165405 0.139001 

positive 10
3 -0.655062 3.908334 
2 3.506725 0.045470 
1 -1.264683 -1.573739 
4 -0.879262 1.396330 
1 -0.627563 1.286034 
4 -0.619147 -1.017225 
0 -0.806114 0.832503 
1 1.007888 -0.044047 
0 -0.077857 0.979153 
2 0.379812 -0.125677 

positive 7
2 1.595418 3.159732 
2 3.108725 -0.588313 
3 0.925699 1.498505 
2 1.715917 0.155427 
1 -0.074422 1.721147 
4 -0.724663 1.265984 
4 -0.212612 -0.656174 

positive 6
3 -0.294417 2.335184 
3 0.049110 1.678509 
2 0.866104 1.126848 
2 -0.850960 1.051960 
2 0.971837 0.009257 
4 0.445894 -0.538186 

positive 10
2 3.527816 -0.191717 
3 -0.277290 2.430076 
2 2.405249 -0.113627 
2 2.171150 0.697575 
2 0.947777 1.683169 
4 -1.611891 -1.027748 
3 0.420722 1.730592 
1 0.002220 1.347312 
4 -0.556565 0.083637 
0 -0.150522 0.193894 

positive 7
2 2.180859 -0.755536 
3 0.553280 2.176595 
1 -1.722590 -0.645499 
0 1.267143 0.435784 
1 -0.982036 0.144376 
0 0.428151 0.055199 
2 0.334710 0.028617 

positive 5
2 3.466571 1.294840 
0 -1.716984 0.583717 
2 0.655112 -1.357138 
4 -0.844304 0.140096 
0 0.170937 0.400780 

positive 5
0 0.142457 -2.116489 
4 0.421582 -1.934649 
0 -1.379185 0.607274 
1 0.875994 -0.175940 
4 -0.217188 0.330216 

positive 10
1 0.842692 -3.053980 
2 1.355376 2.057355 
2 2.262382 -0.907396 
4 -1.824869 -1.101509 
1 0.372315 -1.664945 
1 0.199224 -1.397974 
2 0.406442 -1.344480 
0 0.181824 -1.369116 
0 -1.052468 0.686075 
1 -0.652243 -0.356822 

positive 6
2 2.831497 -0.040041 
2 1.821565 1.511283 
4 1.513770 0.502987 
2 1.019937 -1.214749 
0 0.733805 1.021635 
3 -0.381683 1.113178 

positive 8
3 1.587494 2.967750 
3 -1.854475 2.225811 
2 2.675924 0.531337 
3 0.942880 2.026503 
2 1.739492 -0.272469 
2 1.608754 -0.224734 
1 -0.160362 -0.860374 
0 -0.045746 0.343857 

positive 8
2 3.408673 0.638506 
2 2.134407 0.699678 
1 1.125737 -1.605967 
2 1.325494 0.451130 
0 -1.097535 0.147999 
0 0.980305 0.098812 
4 -0.159327 -0.539778 
1 -0.344244 -0.080422 

positive 5
3 -1.991273 1.202243 
0 -0.771555 -1.855910 
0 -0.403007 1.048798 
1 -0.068675 0.948049 
0 -0.161739 0.058950 

positive 6
2 3.125749 -2.360368 
2 3.469883 -0.815984 
1 -2.287832 -0.995776 
2 1.028251 -1.564014 
1 0.555543 -1.744157 
2 1.267387 -0.129607 

positive 5
1 2.302757 0.506750 
3 0.575593 2.175486 
4 1.899259 0.684058 
4 0.936341 0.706419 
4 0.229764 0.187225 

positive 6
0 2.899728 -0.656812 
3 1.184750 2.274468 
2 1.058670 0.643285 
0 -1.083310 -0.540806 
4 0.498341 -0.837170 
4 0.558698 -0.537689 

positive 7
2 2.888137 -0.805942 
2 1.841926 -0.361555 
2 1.463695 0.839644 
0 0.027154 1.122350 
4 -1.054576 0.154159 
4 -0.682564 -0.418573 
1 0.142810 0.639249 

positive 9
2 2.971454 -0.642888 
0 -0.646954 2.192519 
3 -0.797604 1.720589 
4 -0.171122 -1.853958 
1 -1.526897 0.319363 
1 1.345342 -0.111893 
0 -0.040428 -1.085936 
0 -0.601233 -0.380354 
1 -0.151094 0.250480 

positive 5
2 3.575923 -0.373204 
2 3.001790 0.018586 
1 0.382502 -0.943565 
1 -0.250352 0.410716 
0 0.021503 -0.275469 

positive 9
4 -2.880385 -0.487652 
1 2.465886 -0.487573 
2 2.320844 0.021919 
2 2.158658 0.263937 
3 -0.361545 1.634614 
0 -0.023583 -0.830724 
4 -0.713881 0.302896 
4 -0.378119 -0.409521 
1 0.091072 0.029917 

positive 6
2 2.448801 -0.971912 
3 -0.234196 1.763393 
1 -0.477620 -1.600217 
2 0.630991 -1.388150 
3 1.393927 0.572130 
0 -0.870303 -0.793259 

positive 10
2 4.959910 -0.559929 
3 -0.210771 4.427475 
2 1.418028 1.063401 
4 -0.201367 1.596345 
3 -0.226354 1.296363 
2 1.222557 -0.407739 
0 0.953972 -0.479512 
4 0.862440 0.426177 
0 -0.611119 -0.616767 
0 -0.575283 0.228578 

positive 6
2 3.022054 -1.490400 
3 -1.245949 2.535616 
1 1.981212 0.161122 
4 1.309913 0.153990 
4 0.517401 -0.341470 
1 -0.104928 0.576602 

positive 6
2 3.971566 -0.126750 
3 1.423788 -1.801634 
0 0.296359 -1.663165 
4 -1.292999 0.378562 
0 -0.772683 0.627001 
4 0.757395 -0.328075 

positive 10
3 -2.283060 1.982456 
2 2.452373 1.592345 
3 -1.374573 2.418250 
2 2.638503 0.725757 
4 -1.416382 0.805429 
0 1.560041 0.059346 
0 -1.466387 0.344451 
1 -1.180083 0.378630 
4 0.859482 0.456739 
1 0.443635 -0.432709 

positive 6
3 0.183625 1.433301 
3 -0.792227 0.834956 
4 -0.749890 0.715916 
4 0.460998 -0.783789 
4 -0.400285 0.795401 
4 0.332929 0.196152 

positive 6
0 -0.537203 -3.361382 
3 0.197506 2.305412 
4 0.592188 1.368245 
2 1.432725 -0.126394 
4 0.618638 -0.371752 
1 0.196137 0.438247 

positive 6
3 0.264307 2.130116 
1 -0.935579 -1.578834 
2 1.529867 -0.858089 
4 -0.505217 0.389538 
1 0.325097 0.282672 
1 -0.250160 -0.277342 

positive 7
2 1.655659 -1.917135 
2 1.833848 -1.287107 
0 -0.402262 1.140466 
0 1.096021 0.301256 
1 0.463523 -0.891694 
0 -0.326833 -0.540477 
1 0.031624 -0.020194 

positive 7
2 2.331008 -0.734192 
1 -1.863628 -1.331881 
0 -1.591589 0.761151 
4 1.618900 -0.632224 
0 1.616390 -0.099289 
4 1.493869 -0.465581 
0 -0.493610 -0.353053 

positive 6
3 -0.376373 2.273012 
0 1.636860 0.268179 
4 0.247432 1.316956 
0 -0.908434 -0.671964 
1 -0.861007 -0.117002 
0 -0.401398 -0.106730 

positive 10
0 3.165192 1.728614 
2 2.059822 -0.845221 
3 1.511378 1.395561 
0 -0.997763 -1.317399 
3 -0.315486 1.016091 
0 0.921925 0.488541 
4 -0.624358 -0.764116 
4 0.418110 0.616525 
0 0.620778 0.390818 
4 0.358157 0.589698 

positive 5
1 0.182411 0.872470 
0 -0.455604 -0.663601 
0 -0.444928 0.249485 
0 0.408276 0.009833 
0 -0.151092 -0.029262 

positive 5
1 -1.828157 -1.335898 
3 -0.282670 1.687656 
2 1.581422 -0.573490 
2 0.891243 0.873868 
1 -0.425036 0.020821 

positive 10
3 1.889147 3.843055 
1 -1.458748 -2.681577 
2 2.368212 -0.695350 
2 2.034509 0.506595 
2 1.088573 1.054329 
4 1.221829 0.795346 
1 -1.356837 -0.516098 
1 1.044858 0.996439 
4 -0.729049 0.800956 
4 -0.712681 -0.295524 

positive 8
3 2.748279 2.528230 
1 1.882613 0.908631 
0 1.322658 0.910306 
1 1.083700 0.169705 
1 -0.491829 -0.909977 
2 0.279438 0.778244 
0 -0.548590 -0.446404 
0 -0.640749 0.271976 

positive 10
3 -0.625114 1.948197 
2 1.752578 0.956548 
3 -0.783406 1.691530 
1 -1.285930 -0.860312 
0 0.161698 1.396535 
0 0.037284 1.186805 
1 0.771607 -0.789386 
4 -0.134872 0.780093 
1 0.509195 0.316033 
0 -0.222727 0.171191 

positive 7
2 3.134134 -0.985009 
2 2.870174 -0.404505 
2 1.337080 1.395382 
0 0.992286 1.281371 
1 0.446545 -1.295156 
1 -1.105910 0.733454 
0 0.235984 -0.369053 

positive 9
1 -3.595815 -0.007005 
3 2.319274 2.393931 
3 -0.193397 3.108340 
2 2.676356 1.082806 
2 1.023403 -1.423712 
1 1.671063 -0.406633 
4 -0.808143 0.369772 
0 0.735176 -0.288683 
1 -0.615596 -0.259110 

positive 8
2 2.912990 -0.240906 
2 1.547555 -2.094106 
2 2.285662 0.323544 
3 0.891891 2.061688 
1 -1.702072 -0.497722 
0 0.001466 -1.389503 
1 -0.587407 0.473029 
2 0.358503 -0.360171 

positive 8
2 2.137067 -0.818354 
4 -0.316654 -1.819526 
3 -0.208474 1.772090 
0 -0.491898 -1.449717 
0 0.814373 0.169356 
4 -0.043803 -0.724284 
1 -0.205235 -0.299634 
2 -0.181927 -0.281801 

positive 9
3 1.183900 2.471108 
2 2.110341 -0.186468 
4 1.290415 -1.146673 
1 0.110650 -1.586336 
0 -1.287093 0.718319 
0 -0.432623 -1.289052 
1 -0.680877 1.134281 
0 -0.563937 -1.164319 
0 -1.168715 -0.500072 

positive 5
2 1.536086 1.143453 
0 -0.677272 -1.241819 
0 -0.526688 0.676398 
0 0.155401 0.388115 
0 -0.002011 -0.070574 

positive 5
4 -0.232487 3.181867 
4 0.104411 -1.853598 
0 -0.179185 1.531827 
4 -0.650187 -0.741244 
1 0.069205 -0.094464 

positive 9
2 4.026441 0.939688 
2 1.648009 -1.889845 
0 -2.342223 0.597933 
0 2.089615 -1.056310 
1 1.076365 0.196919 
0 0.116539 -0.913330 
4 -0.052560 0.704659 
4 0.182988 0.562839 
0 -0.026433 0.102367 

positive 7
3 -0.016268 2.580347 
2 2.448158 0.639812 
2 1.926741 -1.190626 
3 -0.033682 2.203696 
1 -0.754742 1.438830 
4 -1.123188 0.568190 
0 -0.350728 0.224297 

positive 5
0 0.336775 -1.532974 
1 1.210616 0.609067 
1 -0.623818 -1.109283 
0 1.228049 -0.265633 
4 0.473378 1.029952 

positive 6
3 1.054690 4.460183 
3 -1.621608 4.089125 
3 -2.544851 1.653811 
1 2.413819 -0.244065 
1 -0.817351 0.358145 
2 0.091899 0.530205 

positive 9
3 -0.727318 2.620190 
4 -1.622425 1.847172 
4 -1.479914 1.748526 
3 -0.158096 2.116714 
3 -0.614869 1.711033 
3 -0.656051 0.910235 
1 -0.538669 -0.792076 
4 0.154575 -0.821271 
1 -0.293426 -0.729612 

positive 9
3 2.853855 1.413663 
2 2.038404 1.277363 
0 0.963129 2.078999 
1 1.192100 0.920417 
1 -0.101777 -1.122652 
4 0.633611 0.757625 
3 0.309071 0.819789 
0 -0.364916 0.543775 
1 -0.365506 -0.444083 

positive 5
3 -0.116567 3.369984 
4 1.782493 -1.981742 
2 2.417307 0.006174 
1 0.598374 1.766503 
3 -0.873845 1.201558 

positive 5
2 2.771180 0.895779 
0 0.773237 -1.564190 
0 -1.341830 -0.454709 
1 1.007192 0.600003 
4 0.749447 -0.814722 

positive 7
3 0.363849 3.003619 
4 -1.700138 -0.867350 
2 1.357474 -0.166421 
3 0.074369 1.150531 
0 -0.937233 -0.062818 
1 -0.527895 0.020245 
1 -0.277151 -0.155867 

positive 5
3 -0.572708 4.309251 
3 -0.720691 1.967309 
3 -0.689270 1.388132 
4 -0.311443 -1.229852 
0 0.629993 -0.247240 

positive 8
0 0.370966 -2.792328 
4 -0.073355 -2.031330 
4 1.416170 -1.361499 
4 -1.213336 1.320063 
4 -0.803709 -0.294982 
0 0.824754 -0.113193 
1 0.197692 -0.612230 
3 0.374883 -0.024796 

positive 8
2 3.447057 0.849934 
2 2.260623 0.371435 
0 -0.170674 -1.625763 
2 1.221671 -0.944631 
1 -0.859020 -1.250416 
4 0.100452 -1.054698 
1 0.803395 -0.313999 
4 -0.787898 -0.074520 

positive 10
2 3.364822 -0.715029 
2 2.111239 -1.203159 
4 -1.921364 0.130137 
4 -1.370910 -1.287468 
2 1.251492 0.547389 
1 1.129702 -0.488877 
1 0.615254 -0.643217 
0 0.045356 -0.847849 
0 -0.576053 -0.055135 
1 0.203194 0.467066 

positive 6
2 3.233540 -0.198720 
1 1.929871 -2.303942 
2 2.413250 -1.011721 
4 -1.592543 0.418497 
2 0.506089 -0.070053 
0 -0.215130 -0.228717 

positive 8
2 2.662572 0.449998 
3 -1.559041 1.306475 
2 1.713415 0.950433 
1 1.722615 0.891843 
3 1.310990 1.335160 
1 -1.560085 0.527346 
1 1.414711 0.825716 
3 -0.425954 1.467326 

positive 6
2 3.154675 -0.762544 
2 1.578682 -0.475437 
2 1.200030 -0.784627 
4 0.823144 -0.662980 
4 1.040056 -0.004743 
0 0.865266 0.014757 

positive 6
4 -2.542146 0.764342 
0 -2.044399 -0.209800 
4 -0.695690 -1.587217 
0 -0.939774 -1.305857 
3 -0.324185 1.269756 
3 -0.415458 0.898751 

positive 8
3 -0.859518 3.686450 
3 1.134138 3.030350 
3 0.079857 3.152054 
3 1.135784 2.543685 
3 1.158675 2.318372 
4 1.500654 0.699125 
0 -0.911126 0.502246 
4 0.512101 0.537795 

positive 6
1 -2.054331 0.343431 
0 1.447320 0.588342 
0 1.379333 0.335910 
0 0.069289 -0.739427 
4 -0.319673 -0.441455 
1 -0.381863 0.226633 

positive 9
3 0.463460 3.541786 
0 -2.808124 0.969831 
2 2.934441 -0.335865 
2 2.603489 -0.171954 
0 0.185230 2.224734 
4 1.809398 0.725582 
0 0.195967 1.387728 
4 0.839099 0.827399 
4 -0.120837 0.958599 

positive 9
3 -1.869656 2.906041 
4 1.772204 1.270962 
2 2.118227 -0.158676 
0 -1.140380 -0.411548 
2 1.165097 0.272016 
4 -0.211152 1.040897 
4 0.912676 0.098573 
4 -0.570892 -0.447422 
1 -0.018150 -0.022521 

positive 9
2 2.928583 -1.098668 
2 1.684495 0.432254 
2 1.653854 0.356587 
4 -1.480708 0.543386 
4 -1.347815 -0.669090 
4 1.345118 0.243282 
2 -0.445270 1.071112 
4 0.012716 0.888279 
4 -0.085364 -0.807203 

positive 9
3 -2.673821 3.275287 
2 2.482411 0.269059 
0 -0.912112 1.374454 
4 -0.719544 0.682239 
0 -0.866262 -0.226023 
0 -0.520885 0.205554 
0 -0.490273 -0.233223 
4 0.353891 0.063716 
0 0.075504 0.089066 

positive 10
1 -2.390015 1.089720 
3 0.273248 2.233152 
3 1.061804 1.921630 
0 2.143162 -0.040188 
3 -0.698298 1.825576 
2 1.019146 -0.436291 
4 -0.947784 -0.184018 
0 0.492155 0.330217 
0 0.398049 -0.219126 
1 0.075275 -0.327284 

positive 6
2 3.279776 -0.317308 
2 3.208276 -0.264701 
1 -0.880760 -1.938958 
1 1.925776 -0.554234 
2 1.818709 0.501179 
0 -1.031974 -0.810348 

positive 6
1 -1.740544 0.006583 
4 -0.393050 -1.323101 
3 -0.343373 1.072005 
1 -0.110293 -0.676828 
0 -0.443623 -0.175310 
1 0.307076 0.354967 

positive 7
4 -0.894428 2.033022 
4 0.785530 0.509205 
0 0.769998 -0.226037 
0 0.588925 -0.135099 
0 -0.529543 0.048182 
0 0.468828 0.062983 
0 0.307092 0.013364 

positive 10
2 2.142374 -1.766668 
3 -1.427045 2.371199 
3 2.069488 1.798877 
2 2.522933 0.497845 
1 -0.887206 0.762808 
3 -0.246585 1.117038 
0 -1.076979 -0.299401 
0 0.625384 -0.836524 
2 1.015711 0.140019 
4 0.431712 0.182559 

positive 7
3 0.433951 2.577154 
4 -2.162848 -1.070834 
2 1.655711 -1.187809 
4 -1.189559 1.063831 
3 -0.820274 1.315404 
3 -0.488266 1.448895 
1 0.711548 0.640081 

positive 6
2 3.454525 -1.382430 
2 1.066904 -0.745720 
4 -0.588026 -0.855122 
0 0.400874 0.927135 
1 0.635326 -0.653181 
1 -0.183776 -0.635672 

positive 7
2 3.739381 -0.066760 
0 2.168663 -1.744208 
2 2.393893 -0.521649 
2 1.586184 0.915587 
2 1.664069 0.154003 
3 -0.932128 0.764411 
4 0.377131 1.103438 

positive 8
2 2.605583 0.897772 
1 -2.277038 -0.288558 
1 1.883396 0.295786 
0 -1.003429 -0.630173 
0 -0.881533 -0.441652 
0 -0.475576 0.862518 
0 0.733624 0.131743 
0 -0.420558 0.554649 

positive 7
2 2.989805 0.061362 
3 1.236062 1.873399 
2 2.163647 -0.214093 
4 -0.008626 -1.475122 
1 0.628689 1.085095 
3 0.649143 -0.150073 
1 0.068052 -0.207888 

positive 10
2 3.130761 -2.863797 
2 3.719654 -1.088791 
3 -0.642328 3.268870 
0 2.339297 -0.937270 
3 1.725393 1.667519 
0 1.321386 1.075158 
0 -0.151022 1.226696 
0 0.906616 -0.528338 
4 0.742758 -0.597158 
4 0.762300 -0.139020 

positive 6
1 1.610711 1.681352 
2 2.292117 0.216205 
0 1.732172 0.583456 
0 1.165844 0.412003 
0 0.749092 0.734700 
4 0.841701 0.388985 

positive 5
2 2.925029 -0.457553 
1 1.076319 0.805448 
1 -0.553462 -0.834029 
4 -0.798289 -0.471363 
4 -0.290050 -0.289279 

positive 6
3 0.950308 2.042772 
0 -1.248805 0.835641 
0 1.244359 0.497709 
3 0.026817 1.276063 
3 -0.589326 0.237710 
4 0.007195 -0.124771 

positive 9
3 -2.048354 2.654928 
1 -2.396631 0.813297 
2 2.161082 0.440059 
0 -0.308246 -1.928350 
1 0.424635 -0.843915 
2 -0.018161 0.920731 
4 0.741495 0.337954 
1 -0.602630 0.072982 
1 -0.108797 -0.153524 

positive 10
2 3.577795 -0.160160 
2 1.351942 1.206261 
3 -0.552310 1.059440 
1 -0.115570 0.795238 
1 -0.735447 0.177645 
4 0.472256 0.260471 
0 -0.418910 -0.338821 
0 0.240786 0.215680 
1 0.272971 0.123287 
0 0.107588 -0.182907 

positive 7
1 2.337077 -0.583696 
3 -0.845855 1.705927 
4 -0.339548 0.957399 
4 0.058170 0.800720 
0 -0.667374 -0.287840 
0 -0.222800 -0.478863 
0 0.291207 0.413937 

positive 7
3 -0.749599 3.035521 
2 1.608056 1.463884 
2 1.934154 0.653111 
2 1.580356 1.217269 
3 -1.064368 0.486135 
1 0.637155 0.325257 
0 -0.024429 0.630284 

positive 10
2 3.498883 -1.370816 
3 0.307461 2.444125 
2 2.041657 -0.207280 
3 -0.531983 1.869938 
2 1.794535 0.737199 
1 0.517332 1.558803 
4 -0.434204 1.507745 
4 -0.270612 1.381609 
0 0.347124 -0.249444 
0 0.241764 0.229250 

positive 7
4 3.610357 -0.428624 
4 -1.386472 1.412531 
2 1.100799 -1.495852 
4 1.371961 0.243091 
3 -0.137815 1.200788 
1 -0.143727 -0.757431 
1 0.342680 -0.313713 

positive 6
2 1.745344 -1.785481 
3 1.181306 1.568783 
0 0.736353 1.595732 
3 0.804377 1.217558 
4 0.656283 -1.028229 
0 -0.657040 -0.193700 

positive 5
4 -2.027552 -0.169493 
1 -0.777445 1.806377 
3 0.114451 1.863257 
0 0.008924 -0.889118 
0 -0.196987 0.671585 

positive 9
3 -0.952825 3.257116 
3 0.020533 3.152434 
3 0.015529 2.542769 
3 0.330333 1.766720 
3 0.115951 1.680900 
1 1.191960 1.049872 
2 0.956029 -0.394409 
0 -0.129892 0.571151 
1 0.127765 -0.358163 

positive 5
3 -1.026990 2.428720 
3 -0.776896 2.364666 
2 1.986435 -0.360537 
3 0.905766 1.503830 
1 -1.188555 0.696619 

positive 7
2 2.516282 0.372526 
3 1.843593 1.378478 
4 1.851228 -1.270974 
3 -1.300733 1.361525 
4 -0.762836 1.440171 
4 -0.674536 -1.275005 
3 0.261509 0.974260 

positive 5
3 0.219005 2.419009 
3 0.080830 1.634479 
1 0.509439 -0.711148 
0 0.244710 -0.695777 
0 -0.341500 -0.190490 

positive 6
0 -1.307789 0.672410 
1 -0.711396 1.154083 
3 0.718470 0.835813 
3 -0.686298 0.827433 
4 -0.244737 0.933666 
2 0.269603 -0.192663 

positive 5
2 2.990116 0.988606 
0 -0.898588 -1.260305 
0 1.261593 0.764225 
2 1.103415 -0.121513 
4 0.346655 0.969706 

positive 7
2 3.630734 -0.175059 
2 3.091497 -0.121980 
2 2.043370 -0.894867 
4 -0.888561 1.136239 
0 -0.723480 -0.139815 
4 0.324179 0.633507 
0 -0.214677 -0.318409 

positive 5
0 -0.630218 1.341851 
4 -1.469652 -0.060323 
1 0.966673 0.529755 
4 0.131324 -0.617483 
4 -0.552501 -0.012407 

positive 10
3 1.704577 3.291404 
2 2.398174 0.329091 
2 1.862893 1.359861 
0 0.948923 -1.991089 
3 1.218938 1.809447 
1 -1.080238 1.544640 
0 -0.934350 1.616418 
1 0.962233 -1.434983 
4 -1.130194 0.270001 
1 -0.431758 -0.069847 

positive 9
3 1.753282 4.046963 
3 2.088568 2.714247 
3 0.821375 2.530329 
3 1.604893 1.759755 
2 2.239072 0.579474 
2 1.403881 -0.542272 
0 -0.533207 0.796877 
0 0.217526 -0.531267 
0 0.114363 0.112086 

positive 5
2 2.564656 -1.207393 
3 0.191797 2.196876 
3 -0.194320 1.295476 
4 1.156850 -0.460855 
1 -0.829758 0.520744 

positive 8
2 2.760963 0.385456 
2 2.244960 -1.083146 
2 2.103615 0.016696 
2 1.589118 0.408800 
2 1.212821 -0.865236 
0 -1.315076 -0.103360 
0 -0.417091 1.114889 
0 -0.964470 0.390612 

positive 7
3 0.904451 1.896135 
1 1.786716 0.067883 
4 -0.374200 -1.605918 
1 -0.425447 -1.552928 
0 0.819335 0.428085 
4 -0.392018 0.527611 
1 0.149304 0.125334 

positive 7
3 -1.641809 1.082558 
3 1.359373 0.705953 
4 -0.849732 -0.720125 
1 0.310581 0.929482 
0 0.927092 -0.012684 
0 -0.655009 -0.073666 
0 -0.115018 0.526414 

positive 5
1 1.372082 -0.460325 
4 1.096543 -0.032986 
3 0.636091 0.795099 
1 -0.089967 0.258954 
2 0.008090 0.248329 

positive 5
3 -0.465996 2.554190 
3 -0.111739 1.610650 
2 1.063285 0.230689 
0 -0.861664 0.625742 
2 0.208707 -0.012622 

positive 9
3 1.467267 3.092004 
2 1.868815 -2.082215 
4 0.582104 2.473162 
2 1.432931 0.735763 
3 -0.020221 1.505357 
4 -0.887031 -0.633494 
4 0.652852 -0.357922 
1 -0.156026 -0.107589 
1 0.176945 0.021900 

positive 8
2 4.849305 -0.079502 
3 -0.569567 3.337514 
0 -0.103843 2.224819 
0 0.026855 -0.617049 
1 -0.160214 0.451603 
1 -0.231922 -0.362376 
1 -0.126473 0.319100 
1 0.024661 -0.172555 

positive 6
2 3.967612 0.457520 
3 1.789834 2.429637 
3 0.978592 2.452261 
2 2.397791 0.462956 
1 1.635869 0.486332 
3 0.625898 1.569815 

positive 5
4 -0.697878 1.048821 
1 0.786403 0.682215 
1 0.735149 0.006567 
0 -0.508516 0.268537 
0 -0.517064 0.075179 

positive 5
2 1.090835 1.357617 
4 1.371159 0.814554 
2 0.713697 0.586195 
1 0.623257 0.285929 
4 -0.001021 -0.508774 

positive 9
2 4.082816 -0.710213 
4 2.451200 -0.733971 
2 1.669142 1.401919 
1 -0.726668 -1.558390 
0 -0.132128 -1.157165 
0 1.045976 0.263509 
4 -0.112030 -0.765126 
1 -0.301943 -0.378277 
1 -0.070082 0.296566 

positive 8
2 3.857282 0.468238 
3 0.551683 3.292834 
3 -1.581769 2.845311 
3 -1.046702 2.538603 
4 -1.157157 -0.329411 
0 -0.187500 -1.101891 
1 -0.465180 -0.532987 
1 -0.015552 0.432711 

positive 6
3 0.136215 2.579243 
3 0.869217 2.297132 
1 0.923871 -0.388017 
4 -0.006383 -0.871103 
1 -0.481512 -0.714298 
0 -0.180288 0.181490 

positive 6
2 2.810881 0.976352 
4 -0.969537 -1.442380 
4 -1.242639 0.376766 
3 -1.287630 0.166738 
0 -0.046805 0.565425 
4 0.198434 0.285278 

positive 10
2 2.555529 1.376846 
3 -0.215678 1.990021 
2 1.672653 0.654509 
1 -1.177215 1.237782 
0 1.200241 0.771086 
1 0.525121 -1.320012 
4 1.135703 0.215077 
0 0.695520 0.217635 
0 0.348870 -0.623952 
4 0.480267 0.163546 

positive 7
2 1.596478 2.037770 
4 -1.527274 0.553517 
0 1.103022 1.045026 
3 -0.491973 1.382720 
4 1.271115 -0.687343 
0 -0.823372 0.733251 
4 -0.094498 -0.376660 

positive 9
3 1.488871 2.819990 
2 2.615076 0.804600 
2 2.073156 0.191406 
0 -1.449402 1.265189 
1 -1.755316 0.213067 
4 -0.467624 -1.324011 
4 -1.085067 0.460747 
0 0.257587 0.587820 
4 0.065147 0.599332 

positive 5
2 2.637953 1.188565 
3 -0.288836 2.878477 
1 -1.197202 0.083472 
2 0.752323 -0.659515 
0 -0.041376 0.136469 

positive 10
2 2.644832 -0.686136 
2 2.167768 0.394795 
2 2.139215 -0.260492 
3 -1.635233 1.373736 
4 1.151981 1.141282 
0 -0.034025 1.422800 
2 1.253008 0.604331 
3 -1.262803 0.186990 
4 -0.141668 0.053751 
1 0.104768 -0.050815 

positive 8
2 3.129399 0.665081 
2 2.881285 1.246724 
3 0.750555 1.832151 
3 -0.937151 1.544433 
3 0.411777 0.930155 
2 0.621243 0.617445 
2 0.337943 -0.185732 
1 -0.283138 -0.168695 

positive 7
1 1.724316 0.373993 
0 -1.329507 0.663998 
1 1.005967 0.839689 
4 -0.919108 -0.695134 
4 -0.783415 -0.273301 
0 -0.748720 0.300325 
1 0.136762 -0.524607 

positive 6
3 -1.600902 2.006347 
3 -1.612302 1.733432 
1 -0.758371 1.404158 
3 -0.137791 1.183348 
1 0.343969 -0.707804 
1 -0.147793 0.284372 

positive 5
1 -1.505889 1.961008 
2 1.833107 0.785903 
4 -1.699199 0.126549 
1 -1.273199 -0.767735 
0 0.097221 0.055679 

positive 8
2 3.474213 -0.275262 
2 3.067534 -1.095863 
2 2.400198 -0.715466 
2 2.317554 -0.485742 
1 0.698690 1.325925 
1 1.005837 0.237784 
4 -0.267494 0.043698 
4 0.209262 0.034208 

positive 10
0 0.583500 2.833597 
0 -1.042356 -2.114099 
3 -0.098084 2.029128 
3 -0.801776 1.383354 
2 -0.388687 1.257601 
1 -0.627095 0.954314 
4 0.051738 -1.071672 
1 0.373052 -0.431260 
0 0.161403 0.251320 
0 0.157422 -0.023673 

positive 9
3 -1.114002 2.913993 
4 0.836652 -2.889571 
3 0.527748 2.606462 
3 -0.996321 1.893962 
3 -0.031349 1.457503 
4 -0.617024 0.727503 
0 0.868255 -0.133444 
0 -0.721007 -0.472002 
0 0.220694 -0.291330 

positive 6
3 2.425639 0.814763 
4 1.760751 1.636197 
2 1.180201 -0.891689 
4 0.759438 1.096722 
2 -0.414291 -0.919264 
1 0.467142 -0.742656 

positive 10
3 2.080116 1.668861 
3 -0.935684 2.254927 
1 -1.641490 1.625804 
0 -1.001988 -1.806911 
4 1.800361 0.838285 
0 0.309794 1.445360 
0 0.578561 -1.293237 
1 -1.326081 -0.451530 
0 0.982093 -0.302756 
3 0.056986 0.241724 

positive 8
4 -1.942286 -0.534482 
2 1.286438 -0.327261 
0 0.145989 1.197526 
4 0.779845 0.871219 
0 -0.083687 1.100731 
4 -0.817378 -0.603732 
0 0.032694 -0.633731 
0 -0.347359 0.221847 

positive 8
2 4.384123 -0.695132 
2 2.880104 -0.242861 
2 2.289063 -1.006202 
1 -2.141438 0.657712 
3 1.111921 1.454924 
4 -0.250958 1.079939 
0 -0.740819 -0.470791 
4 -0.316103 -0.433014 

positive 6
3 0.358298 2.548130 
1 -2.285548 -0.177242 
3 -2.042588 0.973655 
0 1.079966 1.593489 
4 -0.905585 0.860061 
0 0.959935 -0.428621 

positive 6
2 2.513511 -0.852981 
3 1.078762 1.874148 
1 1.604492 -0.594332 
4 0.428355 -1.591772 
1 -0.827595 0.226865 
1 0.715773 0.410640 

positive 7
2 2.307026 1.433970 
2 1.708460 1.737682 
3 -0.827373 1.802469 
1 -1.472234 0.577558 
4 0.650726 -1.165925 
2 0.722137 -0.769049 
1 0.910252 -0.462114 

positive 8
3 1.576938 1.582715 
3 -0.912934 1.360213 
0 -1.056182 -1.004298 
0 0.596841 1.298408 
2 1.297962 -0.455475 
1 1.137981 0.713381 
2 0.467903 -0.151059 
4 -0.206359 -0.070245 

positive 8
3 -2.403167 2.253258 
2 3.037949 -0.737288 
2 2.782186 0.527047 
4 -2.082542 -0.182968 
1 1.362718 -0.988299 
4 -0.173574 0.928890 
4 -0.303782 0.779885 
0 -0.319385 -0.086975 

positive 8
1 -1.222206 -1.982824 
3 -1.748820 1.350405 
4 -2.102040 -0.272337 
0 1.058835 -1.656802 
2 1.638255 0.616670 
3 1.136601 0.973109 
1 0.302165 0.955015 
4 0.010523 -0.370137 

positive 9
3 -0.832654 3.380611 
3 1.399502 2.750522 
2 2.427190 1.238068 
3 0.415828 2.108089 
2 1.577458 -0.427870 
0 -0.685368 -1.386997 
2 -0.926175 0.454387 
4 0.256405 -0.218488 
1 -0.033224 0.095124 

positive 7
0 1.086655 1.022110 
4 1.182653 0.060381 
1 -0.797997 0.595877 
0 -0.508959 0.606424 
1 -0.341320 -0.281579 
1 -0.241397 -0.241047 
0 0.004174 0.282582 

positive 8
2 3.456949 -2.431284 
3 -0.728144 1.983636 
2 1.552633 1.293345 
0 -0.149464 1.862193 
0 0.159703 1.343952 
0 0.493809 -1.052717 
1 -0.883869 -0.330904 
0 0.427559 -0.516196 

positive 7
3 0.972684 3.283543 
4 -2.096785 -0.980477 
2 2.145322 0.852861 
2 2.065255 0.954736 
1 1.999543 -0.731673 
3 -0.065156 1.604672 
1 0.373798 -0.852030 

positive 10
2 3.638019 -0.444632 
3 -0.311183 1.952992 
2 0.775745 1.100524 
1 0.290878 -1.233736 
0 0.777143 0.702499 
0 0.748529 0.474458 
0 -0.779296 -0.247324 
4 0.235467 0.386905 
1 -0.103212 0.277945 
0 0.055153 0.122772 

positive 8
2 4.053745 0.903721 
3 1.073421 2.631556 
2 2.347103 0.366683 
1 -1.643301 1.104357 
0 0.406778 1.857597 
1 1.737165 -0.644287 
4 -0.984147 -0.329988 
4 0.221855 0.001392 

positive 10
3 1.815188 2.724313 
3 -0.842910 2.455942 
2 2.566995 -0.380682 
2 1.958659 -0.965228 
4 0.140695 1.382594 
0 1.300768 -0.383899 
4 -0.753047 -0.600864 
4 -0.592032 0.307334 
1 -0.647608 -0.106149 
0 0.455252 -0.423212 

positive 10
2 2.399623 -1.643597 
3 -1.408783 2.534973 
3 -1.535534 1.907259 
1 1.202355 -1.694023 
2 1.448041 1.198756 
1 1.116727 -0.421166 
0 0.331875 -0.861960 
0 -0.493529 -0.491793 
1 0.490754 0.121414 
4 0.208011 0.249900 

positive 6
3 -1.888898 3.233274 
2 2.450946 -0.674164 
2 1.533301 1.247608 
0 -1.732809 -0.869576 
1 0.966606 1.490036 
0 1.324325 -0.862054 

positive 6
2 2.801187 -1.008248 
1 -1.977364 0.223347 
1 -0.123219 1.489529 
2 1.334258 0.594570 
4 1.294556 -0.644211 
0 0.376475 -1.222213 

positive 5
4 1.279416 -2.786407 
3 2.562340 1.456727 
0 -2.439557 0.621040 
1 0.126200 -1.120148 
2 0.528613 0.085676 

positive 5
3 -0.779611 2.138805 
3 -0.483974 2.001680 
0 0.612019 1.458619 
4 0.130441 1.326370 
4 -0.455869 1.132119 

positive 5
4 -1.821747 1.473048 
2 1.796346 0.559428 
2 1.504896 0.862641 
4 -0.432041 1.505467 
2 1.274141 0.882931 

positive 8
4 1.943914 -1.602582 
1 0.438929 1.888602 
1 1.515659 0.806216 
0 1.046995 -1.035093 
1 1.082252 0.909912 
2 1.138378 0.744018 
1 0.863514 0.660670 
0 -0.260194 -1.055534 

positive 6
2 2.357068 -0.014334 
4 -0.099844 1.927891 
0 1.296302 -1.390296 
1 -0.457795 -1.498748 
4 0.964911 -0.644594 
1 0.460422 0.733278 

positive 10
4 -0.279576 1.717197 
1 1.695050 -0.195542 
0 -0.354955 -1.538642 
4 0.839583 0.761069 
4 -0.979301 0.325135 
4 0.059001 0.971247 
0 -0.426053 -0.785846 
0 0.780394 0.327959 
1 -0.812609 0.028053 
4 0.084544 -0.183646 

positive 5
1 1.673358 1.310230 
3 -1.008715 1.603020 
2 1.783698 -0.563298 
4 -1.330494 -0.702024 
0 -0.105802 -0.183327 

positive 5
4 2.067518 -0.801070 
4 0.146079 2.136195 
0 -1.483032 -0.210204 
1 0.917050 -0.953895 
1 0.476421 -1.106253 

positive 7
1 -1.743134 -0.405177 
2 1.463303 -0.044925 
0 -1.421584 0.282743 
4 -1.308761 -0.616199 
3 -1.268337 -0.042193 
1 0.119154 0.723677 
4 0.482570 -0.045322 

positive 6
0 0.413693 -1.606686 
4 1.539162 0.040535 
0 0.679408 -0.429483 
1 -0.700650 0.233778 
0 -0.461653 0.545014 
1 -0.505119 -0.094401 

positive 9
2 2.779776 -0.471468 
3 2.334919 1.332645 
3 -0.845336 2.294093 
3 0.025369 2.108117 
4 1.722443 0.878357 
2 0.241830 1.297452 
1 -1.088425 0.630067 
1 -0.143230 0.966311 
1 -0.677881 0.483348 

positive 5
3 0.140843 2.775101 
2 2.121215 -0.572025 
0 -1.895545 -0.908951 
1 0.662606 0.064346 
4 -0.408509 -0.489510 

positive 7
2 2.355943 -0.755323 
4 2.215356 -0.577098 
3 -0.406797 1.172920 
0 0.796127 -0.539273 
0 0.555523 -0.504823 
1 -0.547114 0.414396 
4 0.363727 0.145759 

positive 7
2 1.913777 -0.882980 
1 -1.014276 -1.229995 
1 -0.129027 1.421585 
3 1.009689 0.525150 
1 -0.906157 -0.262256 
4 0.394554 0.674380 
0 0.107216 0.625852 

positive 8
3 -0.977909 4.108761 
2 3.323227 -0.637683 
3 -0.657731 2.506504 
4 0.426251 -1.263170 
0 1.118223 -0.398902 
4 -1.012038 0.232559 
0 0.500030 0.190079 
0 0.425087 -0.208496 

positive 6
1 2.531925 -0.811846 
0 2.512340 0.015886 
4 0.434836 -1.486571 
3 0.054091 1.495201 
0 0.021004 -0.676665 
0 -0.623733 -0.019478 

positive 9
3 -2.106836 3.694990 
3 1.444442 2.705124 
3 0.511477 1.901169 
4 -0.416478 -1.894957 
0 1.594946 0.589689 
3 -0.625942 1.516724 
2 1.610455 0.217206 
0 1.317925 0.783731 
4 0.934677 0.638020 

positive 5
3 1.141855 3.774840 
3 -1.356050 3.452771 
2 2.315327 1.266153 
3 -0.373095 1.880796 
0 0.468968 0.835057 

positive 8
2 1.665224 1.789372 
3 -0.582483 2.304204 
1 -1.277569 0.185229 
1 -1.151103 0.270636 
4 -1.133472 -0.006806 
1 0.291458 0.058940 
1 -0.214804 -0.109461 
1 0.079281 -0.113193 

positive 9
3 0.921852 2.672649 
4 2.189779 -1.636942 
2 2.463897 0.450813 
2 2.407760 -0.288731 
2 2.192733 -0.204358 
1 0.786475 -1.207138 
3 0.073666 1.138260 
1 -0.324609 -0.731513 
1 0.406997 -0.173594 

positive 10
2 1.882719 1.897846 
1 -1.442431 0.768275 
0 0.465433 1.454509 
0 -0.837886 1.071112 
0 0.928631 0.730331 
1 -0.966383 -0.501592 
4 -0.204127 0.868037 
0 -0.573554 0.681075 
2 0.149965 -0.596155 
1 0.394648 0.077494 

positive 9
3 0.562133 2.442964 
2 2.231372 -0.738057 
0 -1.614321 1.633566 
2 1.812405 0.616055 
4 1.809289 -0.003366 
3 -1.653089 0.370825 
1 -0.258668 -1.087853 
0 1.013093 -0.374175 
2 0.056573 -0.687009 

positive 6
3 -0.493972 2.497262 
4 1.518672 -1.748017 
4 0.952505 -1.143941 
4 -1.430436 -0.003652 
0 0.736396 0.385365 
1 -0.264873 -0.336920 

positive 6
3 0.643799 2.530180 
3 -0.433618 2.027882 
3 1.197552 1.438369 
4 0.314707 1.411844 
2 1.061102 -0.197255 
1 -0.144139 1.033147 

positive 7
3 0.291212 2.946591 
3 1.287378 2.011378 
4 -0.006886 2.261448 
2 1.776256 0.275009 
1 -0.455391 -0.473787 
1 -0.531084 0.282086 
3 0.342830 0.488006 

positive 8
2 2.882606 0.406055 
2 2.700535 -0.050682 
1 -0.310737 1.694749 
1 -1.435892 0.719976 
4 1.104893 0.692474 
4 0.605286 0.851696 
0 0.103071 0.503029 
4 -0.177752 0.312937 

positive 5
4 1.953582 -1.397891 
4 -0.842718 0.445135 
1 0.579410 -0.214962 
1 -0.140985 -0.522285 
4 -0.246885 -0.439268 

positive 9
3 -1.125824 2.363807 
2 1.563139 -1.474014 
3 -0.083615 1.423913 
3 0.084476 1.279221 
1 1.267569 0.130944 
4 -0.179606 -1.186421 
1 0.242262 0.841037 
1 -0.405170 0.463608 
0 -0.164336 0.118012 

positive 8
3 -0.617516 3.301087 
3 1.581070 2.472659 
2 1.518620 2.087007 
4 -1.800155 0.906588 
2 1.527916 -0.229254 
1 0.743037 -1.207843 
4 -0.397931 0.834261 
4 -0.051891 0.348417 

positive 10
3 0.716231 3.023429 
3 2.702159 1.001502 
2 2.610010 0.537930 
2 1.755385 -0.176670 
2 1.330848 -0.487670 
0 1.159355 0.342675 
0 -0.939447 0.201775 
0 0.431029 0.656466 
0 -0.104997 0.577272 
4 -0.217713 -0.400171 

positive 10
2 3.405452 -2.111446 
2 2.414410 1.942621 
1 0.465543 -1.842251 
0 1.444182 0.849184 
0 1.322798 0.531224 
0 -1.133374 -0.558992 
0 -0.064056 -1.217987 
0 -0.168079 0.976748 
0 0.562277 -0.715122 
1 0.699283 -0.265648 

positive 7
0 -1.759041 -1.569509 
1 -1.123857 2.013917 
4 0.508076 -1.528374 
1 -0.799076 -0.704756 
1 -0.865398 0.477840 
2 -0.593266 -0.569513 
0 0.382919 0.678987 

positive 9
3 -0.217574 3.291169 
3 -2.081844 1.766571 
0 -1.716547 1.541808 
2 0.025034 -1.233969 
4 1.027477 0.665505 
4 -1.063506 0.394070 
1 0.318832 -1.001249 
1 0.362292 0.921215 
4 -0.121688 -0.327239 

positive 6
2 1.689114 2.156521 
3 -1.332542 2.343537 
3 1.141463 2.276836 
4 -1.988298 -0.199152 
4 0.264108 -1.233102 
4 -0.179564 0.469914 

positive 10
2 3.012387 1.472397 
3 -1.032279 2.511821 
4 -1.814834 -0.938375 
1 1.082316 -1.302010 
3 0.075478 1.673438 
3 -0.076526 1.467693 
1 -0.096662 -0.737983 
4 0.226926 -0.335538 
1 0.159108 0.342850 
1 0.139627 -0.112326 

positive 5
3 0.639095 3.421662 
0 -2.491688 -1.770428 
2 2.982120 -0.579671 
4 -1.456574 0.529742 
3 -0.575991 0.737448 

positive 10
2 3.739440 1.021562 
3 -1.577411 2.120948 
2 2.473010 0.354458 
2 2.335533 -0.833796 
4 0.346478 1.412544 
1 0.889279 -1.038367 
0 0.846476 -0.775060 
4 -0.102336 1.141499 
4 0.678209 0.796325 
1 0.913529 0.065110 

positive 7
4 2.828266 0.889249 
2 2.352600 -0.892651 
2 1.519026 1.554356 
0 1.064892 1.090020 
4 -1.084253 0.897927 
4 0.414362 -0.692134 
0 -0.034696 -0.387618 

positive 7
2 2.912063 1.675156 
3 1.317667 2.972626 
3 1.192768 2.751053 
0 -1.333758 -1.058235 
0 0.149226 0.458447 
0 0.185399 -0.382270 
0 -0.235259 -0.267393 

positive 9
3 -0.692391 3.907949 
3 -1.656928 3.093561 
0 -2.602511 -0.686364 
4 -1.673630 0.099806 
3 0.399478 1.352450 
1 1.004350 0.869575 
1 -0.868230 0.395917 
1 -0.291003 -0.314206 
1 0.290779 0.165701 

positive 6
3 -0.278668 3.264021 
1 1.780632 -0.280110 
1 0.402604 1.587742 
2 1.595937 0.294966 
4 0.383328 0.959903 
2 -0.238445 -0.108786 

positive 9
3 1.041112 1.475503 
1 1.713350 0.289951 
2 1.617091 0.342934 
3 0.840821 1.399954 
4 -1.408483 -0.644981 
0 -1.338911 -0.079013 
1 -0.856612 -0.151839 
0 -0.511597 -0.642006 
1 -0.572849 0.210280 

positive 5
2 2.069050 1.690951 
1 -0.233160 -2.430395 
3 1.939909 1.336734 
3 0.814955 1.873286 
1 -1.091489 0.836076 

positive 9
0 3.060269 0.540208 
2 3.099178 -0.177173 
1 -0.618443 -1.759418 
3 -0.218691 1.728795 
2 1.641369 0.509833 
4 -0.123748 -1.430175 
1 0.326348 0.988401 
3 0.197358 0.905845 
3 -0.257124 0.118979 

positive 7
0 2.806477 1.077291 
4 1.220827 2.201837 
2 1.019228 -1.251238 
2 0.303125 1.525816 
1 0.606151 -1.310012 
1 0.164065 -1.093725 
0 0.363155 -0.351968 

positive 6
2 2.747911 -0.358910 
3 1.791529 1.038318 
1 1.067886 0.824940 
4 0.385865 -0.983941 
3 -0.727800 0.746052 
4 -0.159714 0.307552 

positive 5
1 1.420947 0.750586 
0 -1.110527 -0.655789 
4 1.148604 -0.491799 
4 -0.560246 -0.821945 
0 -0.745893 0.393883 

positive 8
2 3.813497 0.027019 
3 1.797373 2.495609 
3 1.288716 2.455566 
3 0.095314 2.320637 
2 -1.204974 1.304394 
1 -1.227343 -0.998845 
1 -1.012817 0.585382 
4 0.710823 -0.162141 

positive 7
2 1.646379 1.618123 
3 -0.157811 1.703203 
1 0.698297 -1.546376 
1 1.257706 -0.903027 
1 0.287891 -1.475998 
3 -0.147978 1.100620 
0 -0.131657 0.513189 

positive 9
2 2.651961 -0.662610 
0 1.060043 -2.160469 
3 -2.140114 0.596895 
4 0.495936 1.773729 
0 1.328210 0.959766 
1 1.246007 0.604560 
0 -0.690603 0.692131 
4 -0.521996 0.277864 
0 -0.030165 -0.263862 

positive 6
2 4.303200 -0.251773 
2 2.841138 -0.453128 
3 2.562573 1.225427 
2 0.110739 -2.325724 
4 0.448356 1.309326 
4 -0.443963 -0.544999 

positive 10
4 0.043232 2.116828 
3 -0.862419 1.864178 
2 1.910171 0.148618 
1 1.176863 1.031333 
2 1.407010 0.002801 
1 0.151413 -1.297217 
4 0.414611 1.171422 
0 -1.100818 -0.395001 
4 -0.258131 -0.862135 
4 0.269202 -0.139561 

positive 5
3 -1.894654 3.403255 
3 -0.291104 2.423475 
2 2.267887 0.460333 
4 1.298072 -0.278177 
1 -0.561320 0.028716 

positive 5
0 -0.292236 1.372528 
2 1.058781 0.294368 
0 -0.541482 0.945661 
0 0.687358 -0.108204 
1 -0.089357 -0.014720 

negative 7
4 2.363959 -0.506240 
4 1.454414 0.629970 
0 0.950570 -0.285737 
0 0.738411 -0.059414 
0 -0.627129 0.027152 
1 -0.506680 0.369174 
3 -0.487274 -0.042362 

negative 9
1 -0.705777 -1.578831 
2 -0.204734 1.547807 
0 0.056197 -1.309500 
2 0.574279 -1.116034 
2 0.411657 1.110136 
1 0.809435 -0.513709 
4 0.878493 0.161752 
0 0.703042 -0.398856 
1 0.177786 -0.345763 

negative 8
2 -1.232674 -1.377689 
1 1.267411 1.109764 
0 -1.214643 0.710692 
3 -0.728064 -1.136668 
4 0.998476 -0.032549 
3 -0.390072 -0.453812 
3 0.013250 0.500701 
4 -0.190589 -0.051659 

negative 6
0 -2.173731 -0.044692 
0 1.609328 0.388155 
0 -0.902215 -1.054562 
0 -0.234784 -1.040235 
4 0.334220 -0.673913 
4 0.470968 0.442342 

negative 7
3 0.476358 -2.454101 
2 -1.586336 -0.673017 
3 -1.395654 0.344245 
4 -0.687860 -1.162141 
0 -0.459192 -1.112949 
4 0.247367 -0.742847 
4 0.045723 -0.060353 

negative 8
0 2.178859 -0.463081 
4 0.105400 1.816848 
3 0.495374 1.461394 
0 1.428648 -0.406388 
1 -0.583093 -1.031834 
3 1.155882 -0.055906 
0 0.595251 -0.469614 
4 0.670196 0.026862 

negative 7
1 1.753181 -2.067699 
4 0.794024 2.005098 
4 -0.782675 1.582060 
0 0.989798 0.845210 
1 -0.945645 -0.640518 
2 -0.127158 0.578656 
0 0.005523 -0.209834 

negative 10
1 1.901726 0.525055 
2 -1.822472 -0.425109 
3 1.451601 0.292939 
2 -0.327736 -1.197847 
4 0.410930 -1.066355 
3 0.641775 -0.622526 
3 -0.643599 -0.274624 
1 -0.629363 -0.292636 
0 -0.422136 -0.040846 
0 -0.007225 -0.336739 

negative 5
2 -1.032866 1.856278 
3 -0.679871 1.622255 
2 -1.562475 -0.598859 
1 1.322672 0.119647 
0 0.495205 -1.160377 

negative 5
3 -0.434972 1.214363 
0 0.907074 -0.395829 
3 0.529089 0.042122 
0 0.222656 0.175299 
4 -0.203113 -0.127155 

negative 6
1 0.724219 1.617745 
1 -0.827584 -1.315475 
2 1.081153 -1.088868 
4 -1.281673 0.801812 
3 0.029585 -1.351486 
4 -0.108666 -0.519145 

negative 6
1 -0.622968 2.005846 
0 0.892350 1.439902 
2 0.950009 -1.258893 
4 0.376315 -0.970602 
4 -0.190185 0.871162 
0 0.337522 0.397744 

negative 7
3 -1.102416 -1.890284 
4 0.063965 -1.804825 
4 -1.318312 -0.311727 
0 -0.869831 0.829944 
0 0.520391 0.450161 
3 0.503705 0.063793 
1 0.223416 -0.032014 

negative 7
4 1.921922 1.089877 
1 -1.863804 -0.758881 
0 1.849722 -0.256520 
4 -0.936970 0.034900 
4 0.025751 0.701676 
4 -0.320802 0.603127 
1 -0.523948 0.298578 

negative 7
3 0.378972 1.727310 
0 0.389929 1.536013 
0 0.081369 1.237232 
1 1.138540 0.141900 
3 0.808854 -0.569899 
3 -0.244143 -0.105769 
3 0.072639 0.099394 

negative 9
0 0.208856 -2.458687 
4 -0.338240 -2.197219 
4 1.640908 -1.210761 
2 -0.581962 1.845643 
3 1.590439 0.700100 
1 1.059275 0.606549 
1 1.018985 0.553677 
2 -0.488949 1.020486 
4 0.586827 -0.790375 

negative 5
3 1.655896 1.081549 
4 0.483617 -1.285877 
4 0.722238 0.449761 
2 0.160302 0.802305 
0 0.295865 -0.509946 

negative 8
0 2.159890 -0.114507 
4 -0.320257 -1.557119 
4 -1.316727 -0.322740 
2 -0.631748 1.066524 
4 1.039956 -0.433019 
2 0.826569 -0.133223 
3 0.388277 0.582049 
1 0.357949 0.081536 

negative 5
0 1.960418 1.202418 
3 -0.484412 2.024388 
4 -0.774261 0.391331 
4 0.198060 -0.823071 
2 0.392542 0.334094 

negative 8
3 1.793988 1.546743 
2 0.209816 -2.268710 
0 -1.310780 0.861109 
3 1.367247 -0.477825 
2 -0.515222 0.917705 
2 0.009780 0.919406 
0 -0.525733 -0.684821 
4 0.069457 0.159843 

negative 9
4 -2.254713 -1.297834 
3 1.846818 1.598255 
4 2.112205 1.181236 
4 0.956055 1.126446 
4 1.043670 -0.347379 
0 -0.061913 -0.923767 
2 -0.120761 -0.895783 
1 0.601336 0.171708 
3 0.019256 0.158200 

negative 6
2 1.551281 -0.124338 
3 0.443433 1.375895 
4 -0.847042 -0.882679 
3 -0.972640 0.128628 
1 -0.150121 0.614074 
3 0.280843 -0.481459 

negative 5
4 2.334096 -0.713108 
2 -1.196048 0.882312 
4 0.159027 0.827986 
3 0.402576 -0.651394 
4 -0.134387 0.569306 

negative 8
3 2.048388 -0.676167 
2 1.046781 -1.364669 
0 1.196558 -0.929086 
3 -0.841244 0.609998 
0 -0.229836 -0.917109 
2 0.638932 0.109492 
2 0.221187 -0.567237 
4 0.098995 0.534017 

negative 7
2 -0.460134 -1.823748 
1 -1.000558 1.539778 
3 -0.433510 -1.459938 
1 -0.588574 -1.331949 
3 -0.463168 -1.265566 
3 0.536614 -0.732376 
0 -0.065385 -0.012403 

negative 7
1 0.649984 0.954819 
4 -0.929647 -0.572850 
2 -0.906385 -0.518711 
1 0.070637 -1.031472 
2 0.653380 0.289269 
0 0.518155 -0.447585 
4 -0.245117 0.359458 

negative 7
2 1.722130 -0.217042 
2 -0.383469 -1.542807 
1 1.152067 0.497459 
0 -1.003952 0.431565 
4 -0.348374 0.928564 
3 -0.044787 -0.822770 
4 0.620432 0.067465 

negative 6
0 -1.413971 0.390250 
3 0.266731 -1.324999 
1 -1.153313 -0.295587 
2 0.700529 -0.153145 
4 -0.256035 -0.510018 
3 -0.392570 -0.143529 

negative 5
4 1.527578 1.291078 
2 0.504246 -0.821141 
1 0.167522 0.833968 
4 0.620981 0.511225 
2 0.323245 -0.091479 

negative 7
4 -1.250918 -1.793921 
2 -1.743571 0.565617 
4 -1.423138 1.030403 
4 0.235025 -1.357159 
4 -1.145133 -0.328998 
1 0.913192 -0.349914 
3 0.255368 -0.268407 

negative 7
0 0.094715 1.595471 
1 0.753030 -1.265398 
4 -0.299183 1.424506 
4 0.460517 1.177970 
3 0.927827 0.645758 
0 -0.306723 0.549973 
1 0.207693 -0.410219 

negative 5
2 0.470379 -1.561920 
2 -1.171579 0.476816 
0 0.663696 -0.441908 
4 -0.608508 0.164219 
4 0.003724 0.360360 

negative 8
3 0.288096 2.513049 
1 1.159569 2.161033 
2 1.211751 -1.642729 
3 1.273029 0.201854 
3 1.053370 0.300984 
4 -0.895567 -0.350408 
3 -0.346986 -0.563251 
0 0.126282 -0.206174 

negative 8
4 -1.147040 -1.497529 
2 1.006251 -1.520699 
2 -1.424981 0.522412 
3 -0.614941 1.128895 
4 1.212099 -0.332149 
0 -0.548842 -0.909030 
2 0.398872 0.717230 
4 0.795521 -0.098051 

negative 9
4 2.051213 0.392575 
0 1.557353 -0.548423 
3 0.708546 -1.403932 
2 0.679704 -1.067790 
2 -1.107120 0.156920 
1 0.383702 0.617750 
3 -0.152042 -0.365167 
0 -0.370195 -0.057450 
1 0.292834 -0.189253 

negative 10
4 1.883902 -0.113287 
3 -0.664990 1.680355 
2 -0.590128 -1.635112 
1 -0.097526 -1.481675 
0 1.215920 -0.330478 
4 -0.405747 1.066003 
1 -0.688538 0.755536 
4 -0.827966 -0.395405 
0 0.734093 0.226341 
1 0.445774 0.043494 

negative 5
4 -0.383372 1.614922 
2 1.220927 -0.232883 
4 -0.650693 0.738378 
4 -0.591320 0.740634 
3 -0.057854 -0.769897 

negative 9
3 -0.440781 1.790784 
4 1.706472 -0.076864 
3 1.575186 0.553655 
2 -1.169305 0.734700 
0 -0.546922 1.157805 
1 0.056605 -1.207131 
3 -0.631422 -0.519872 
0 0.210852 -0.376932 
0 -0.277828 0.121067 

negative 10
2 2.415038 0.100039 
4 1.312541 -1.362054 
4 1.328948 -0.656918 
1 -0.003656 -1.470531 
0 -0.480302 -0.945753 
1 -0.690485 0.665485 
0 0.611647 -0.599236 
1 0.630310 -0.329819 
1 -0.293229 -0.063347 
0 -0.142517 -0.180823 

negative 6
0 -1.621920 -0.078045 
1 0.766802 -0.799328 
3 -0.637306 -0.235215 
3 0.669315 0.051457 
1 0.355500 0.157217 
0 -0.065392 -0.038016 

negative 7
0 1.402017 -1.248599 
1 1.483301 -0.310012 
0 1.059818 0.666064 
1 -0.990852 -0.405346 
3 0.480737 0.420899 
0 0.599815 0.090875 
4 -0.578549 -0.085450 

negative 6
2 -0.066219 -1.828177 
3 0.557842 1.277883 
0 -1.196541 0.060396 
3 -0.844183 0.798587 
3 -0.424344 -0.769164 
2 -0.439712 0.282749 

negative 9
4 -2.840130 -1.997077 
0 -0.249631 2.614961 
0 1.240970 1.505641 
2 1.268395 1.381663 
4 1.760641 -0.176471 
4 1.026236 -0.585075 
2 0.333094 0.684514 
2 0.092308 0.167473 
2 -0.156718 -0.088582 

negative 8
3 1.453098 1.300242 
1 -0.732030 1.774032 
4 -1.844415 -0.045844 
3 -0.587432 -0.607884 
0 0.321958 0.745987 
3 -0.783830 -0.183204 
4 -0.063377 0.429553 
3 0.000564 -0.259420 

negative 9
3 -0.397721 -2.322530 
3 1.784716 0.400206 
2 -1.551773 0.867403 
4 -0.089006 -1.577431 
4 0.067609 -1.532186 
2 -0.856531 0.150158 
2 0.581320 0.523686 
3 0.591429 -0.013228 
0 0.024441 -0.028074 

negative 9
1 1.880725 -1.341494 
0 -1.188152 1.304428 
3 0.847165 1.535236 
3 0.005855 1.090615 
0 -0.210176 0.781853 
3 -0.667777 0.365794 
3 -0.133692 0.559395 
1 0.556334 -0.131676 
4 -0.285405 -0.410115 

negative 10
1 1.401376 -1.657304 
4 1.340246 0.986037 
1 -0.741046 1.095554 
2 0.583580 -0.966363 
1 -0.400957 0.955215 
3 -0.469023 0.840630 
0 -0.695129 -0.609258 
1 -0.712605 -0.566990 
2 0.185269 0.370433 
4 -0.078621 0.171433 

negative 9
2 -1.606712 0.932889 
3 0.823865 -1.410928 
2 1.420055 -0.461245 
3 1.076372 -0.975825 
2 1.137307 -0.242161 
3 -1.137816 0.017050 
3 1.043650 0.289583 
2 0.054872 -0.504147 
3 0.324474 -0.321596 

negative 9
2 0.511891 1.485026 
2 -0.200313 -1.398947 
2 1.215403 0.639856 
2 -1.105228 0.397000 
4 -0.228469 0.981273 
3 0.759965 0.304287 
4 0.605077 0.492900 
0 -0.265467 -0.476943 
4 -0.257946 -0.252838 

negative 8
4 1.700269 -1.174947 
0 1.281765 -0.656109 
3 -0.064364 1.383231 
2 -0.430909 -0.838779 
2 0.723821 -0.542804 
4 -0.665209 0.060663 
0 0.575874 -0.202071 
1 0.097453 0.008909 

negative 8
0 -3.085485 0.125149 
1 2.309565 1.293502 
0 1.177895 1.948688 
3 -1.718042 0.081141 
1 0.772425 -1.270606 
1 -1.178886 -0.775121 
1 1.267905 0.409685 
1 -0.581685 -0.585199 

negative 5
0 -1.645521 -0.793058 
0 1.113493 -0.759764 
2 -1.003118 -0.861384 
0 -0.651670 -0.985297 
2 0.296638 -0.562623 

negative 6
0 -0.911382 -1.835334 
0 -0.635113 0.805872 
4 -0.819480 0.167202 
4 -0.485331 -0.343030 
1 -0.491661 -0.016131 
3 0.097548 -0.440527 

negative 6
1 -1.265361 -0.976341 
2 0.381680 -1.407828 
2 1.063484 0.894729 
3 0.070550 1.193945 
2 -0.078949 1.175393 
0 0.439207 -0.668990 

negative 7
0 -1.825327 -3.059990 
4 1.489208 -0.432881 
3 -1.276385 0.515746 
4 1.322428 -0.338837 
4 0.569873 -1.086039 
3 -0.424316 -0.324378 
3 -0.193930 -0.271892 

negative 5
4 1.880025 1.038304 
3 -1.331227 -1.682458 
2 1.001883 1.245346 
0 -0.056791 0.543527 
2 0.222283 -0.308192 

negative 8
2 -2.020588 1.877788 
3 -2.082699 -0.447170 
2 0.289822 2.082751 
4 -1.255134 -0.185404 
0 0.343884 -0.594332 
3 0.210226 0.652968 
1 -0.251377 -0.321693 
4 0.248277 0.147795 

negative 5
3 -0.178941 -1.631743 
1 0.128775 -0.683314 
2 0.137571 0.627510 
4 -0.398578 -0.301310 
1 -0.010077 0.245490 

negative 6
1 -1.529284 -1.126022 
2 0.930760 1.296724 
3 0.793484 -0.749079 
4 -0.030019 -0.534410 
0 0.479270 -0.100369 
0 -0.192409 0.212054 

negative 8
3 -2.996201 -0.585217 
1 -2.107993 -0.576578 
4 1.821391 0.005021 
4 -1.264275 0.862895 
0 0.821595 1.018522 
3 0.708614 1.040072 
1 0.496469 1.134875 
0 0.488795 -0.159670 

negative 7
2 1.977396 0.820617 
0 -0.661883 1.972620 
2 0.314017 -1.703652 
1 1.261643 1.182819 
4 0.264521 -1.120043 
4 -1.014946 -0.044051 
4 0.520590 -0.023904 

negative 6
2 0.494568 -2.025578 
1 -1.395812 -0.273028 
1 -0.808683 -0.129431 
1 0.759094 -0.087891 
4 -0.472794 0.261833 
2 0.296578 0.230181 

negative 5
4 1.738847 0.451125 
3 -0.999365 -1.010831 
2 1.034647 -0.548507 
3 -0.534854 0.813675 
1 0.939931 -0.239839 

negative 10
2 -0.534414 1.976845 
1 1.352175 1.269269 
1 1.402151 -0.987945 
2 1.578639 -0.146965 
0 -0.861163 1.235770 
0 1.414435 -0.019728 
0 -0.874538 0.669514 
4 -0.122987 -0.880569 
0 -0.187956 0.341963 
0 0.009886 -0.046774 

negative 8
4 -0.224770 2.319218 
0 -0.265819 1.675500 
2 0.086693 -1.481942 
1 0.094285 1.451279 
3 -0.858812 -0.571115 
1 -0.396778 0.730246 
3 -0.782269 -0.070296 
4 0.015261 -0.441392 

negative 6
3 -1.942571 -1.550406 
0 1.368343 1.497848 
1 -1.047903 0.460000 
4 0.484404 0.604788 
3 -0.069904 0.354975 
0 0.056377 0.152332 

negative 6
1 -2.047135 0.028295 
4 -1.104183 -1.220659 
3 0.987058 -1.244051 
3 -0.865591 0.538853 
4 0.619304 -0.636231 
1 -0.360097 0.633846 

negative 6
3 -0.129086 2.074119 
3 -0.188983 -2.044573 
1 1.499482 0.699223 
4 1.010314 -0.055638 
1 -0.924479 -0.228477 
1 0.393604 0.545168 

negative 6
3 1.814888 -0.908205 
0 -0.398972 -1.094317 
0 0.049301 -0.775766 
0 0.443504 -0.546816 
4 -0.471116 -0.046846 
3 -0.418144 -0.177296 

negative 6
3 -1.002741 -1.643515 
1 -0.346556 -1.557609 
2 0.192577 -1.468032 
3 0.427165 0.088135 
2 -0.269285 -0.223769 
2 0.037461 0.090238 

negative 8
2 -2.816580 1.150966 
3 0.902116 1.855765 
0 -0.830793 -1.790393 
0 -1.267219 0.242622 
2 -0.179474 -1.165092 
2 0.148741 -1.075694 
1 -0.872330 0.008627 
1 0.444148 -0.089909 

negative 6
1 -0.991792 -1.237354 
4 -0.869573 0.739082 
3 0.223629 0.934568 
1 0.538933 -0.693577 
4 0.067317 0.673574 
4 -0.421243 -0.214901 

negative 10
0 -2.682818 -0.442594 
0 -1.815432 1.862414 
4 1.287037 0.899488 
0 -0.719636 1.140714 
4 1.280972 0.269223 
3 0.771473 0.699623 
4 1.008588 0.101440 
3 0.199643 0.903806 
4 0.891731 0.178047 
2 0.243122 0.582246 

negative 9
0 -0.456208 -2.411096 
2 -0.196385 2.092743 
1 -1.270014 -0.587736 
1 -1.088256 0.340614 
4 -0.042644 -0.956454 
1 0.064749 0.809338 
1 -0.425412 0.690155 
4 -0.662634 -0.357316 
1 -0.492061 -0.409871 

negative 5
0 0.850276 -1.806344 
3 -0.343862 1.412486 
2 -1.089945 -0.704905 
1 -0.500618 -1.088280 
2 0.855992 0.456104 

negative 6
3 1.238927 -1.600056 
3 1.415792 0.776933 
3 1.336401 -0.756213 
1 0.046426 -1.236425 
4 -0.391441 0.251554 
1 0.241614 0.122838 

negative 10
3 -0.543010 -2.183187 
4 0.326306 1.669919 
2 -0.595003 -1.417093 
2 0.523567 -1.091568 
1 -0.170576 1.031958 
1 0.421510 0.217746 
0 0.323285 -0.275307 
3 -0.254823 -0.297391 
4 0.066566 -0.319056 
4 0.108705 0.220031 

negative 7
4 2.915818 -0.497046 
3 -1.887859 0.635188 
1 1.039911 -1.088774 
2 -0.747582 -1.120323 
2 -0.426276 0.862523 
4 0.566818 -0.468691 
1 0.438192 0.423492 

negative 7
3 2.807305 -0.970201 
0 -1.887803 0.163319 
0 0.410111 -1.489403 
3 0.524451 0.729394 
1 -0.004990 0.798738 
1 0.579582 -0.448598 
0 -0.002337 0.618301 

negative 7
2 -2.217495 0.073622 
2 0.025413 -2.207769 
2 -0.170073 1.168335 
1 0.943544 -0.309467 
3 0.633101 0.241699 
1 0.388116 -0.502093 
2 0.303028 -0.135893 

negative 6
3 1.342057 -2.207016 
0 -0.023893 1.945640 
0 -0.076099 -1.751569 
1 -1.505743 0.281977 
2 -0.420680 1.197163 
1 1.026468 -0.741297 

negative 6
3 2.218874 0.940599 
1 0.884503 0.944452 
3 1.009373 0.090667 
3 0.764220 -0.331061 
3 -0.657718 0.059791 
4 -0.350488 0.252666 

negative 7
1 0.511034 -3.056565 
2 0.313184 2.522291 
4 -0.850865 0.498908 
4 0.000100 0.436457 
2 -0.389570 0.138886 
2 -0.123861 0.212044 
2 0.136738 -0.184413 

negative 10
3 -0.157475 1.927186 
0 0.051062 1.790576 
1 -0.674001 -1.333608 
4 0.705083 1.108723 
3 -0.516604 1.188759 
1 -1.042278 0.330631 
0 0.941944 -0.207065 
2 -0.851556 -0.151574 
2 -0.685673 0.488059 
2 0.310759 0.253015 

negative 9
2 -2.150765 -1.058584 
4 0.514403 1.625156 
1 -1.560707 -0.487415 
4 1.087606 -1.172890 
4 1.325842 0.891161 
0 0.471229 1.043371 
0 0.062383 0.600586 
3 -0.348193 -0.352894 
4 0.216964 -0.437566 

negative 10
4 -1.655208 1.052722 
4 -0.255499 1.633117 
4 -1.209905 0.455367 
1 0.737783 0.670120 
3 -0.845948 -0.367770 
2 -0.062082 -0.820029 
2 -0.218788 0.754960 
4 -0.103228 0.770021 
0 0.271854 0.195434 
2 -0.000909 -0.023985 

negative 8
0 -0.278697 -2.675154 
0 1.677948 1.372288 
4 0.736915 1.667111 
2 0.699433 -1.405011 
3 0.940023 1.101549 
4 -0.734879 -0.210518 
2 0.165959 0.641354 
1 0.188392 0.535663 

negative 7
2 1.719659 1.077904 
1 0.812283 1.790858 
4 -0.393762 1.752358 
4 -0.654316 0.271056 
2 0.081456 0.663114 
3 0.479358 0.430754 
2 0.151523 0.015932 

negative 10
4 -2.277025 -0.113166 
1 -1.823017 1.026222 
3 1.455340 -0.538900 
1 0.804394 -1.085227 
1 0.158762 1.275567 
4 -0.617981 0.983642 
3 -0.898554 -0.614057 
3 -0.661970 -0.223209 
3 -0.169041 0.534131 
2 0.446002 0.050363 

negative 9
3 2.026643 2.012633 
3 -2.610092 -0.841285 
1 -1.837064 0.597229 
4 0.679692 -0.909040 
4 -0.066324 1.004052 
3 -0.447719 -0.837832 
3 -0.780024 -0.052943 
0 -0.729126 -0.196467 
0 -0.147644 0.214917 

negative 7
2 -0.822311 1.856822 
4 -1.082451 0.917123 
1 -1.332636 0.065456 
1 0.268962 -0.796362 
1 0.420245 -0.221913 
3 0.290218 -0.264254 
0 0.056915 -0.131686 

negative 7
2 -1.344473 1.394120 
2 1.337708 -1.201802 
3 1.218532 -0.054301 
0 -0.848060 -0.746781 
1 -0.637080 0.706986 
0 -0.371330 -0.068010 
0 -0.179806 -0.038970 

negative 8
1 -1.073758 -1.529275 
4 1.438718 -0.835933 
3 -1.130293 0.924029 
1 1.338279 -0.445412 
1 0.097593 0.905775 
1 0.678701 -0.548154 
3 -0.862748 -0.008857 
3 0.446267 -0.061977 

negative 7
4 -0.821991 3.101373 
3 1.064623 -0.179289 
2 0.413883 -0.861634 
3 -0.798300 0.336200 
4 0.825809 0.013823 
0 0.325998 0.724110 
2 -0.024557 -0.165672 

negative 9
0 1.620260 1.602838 
0 -1.944487 0.935875 
1 -0.065109 -2.124336 
0 -1.460977 -1.035342 
3 0.860460 -1.048861 
2 0.044262 1.072284 
0 -0.592780 -0.664419 
0 0.839739 0.214986 
3 0.055068 0.096422 

negative 10
1 2.928698 -1.287972 
2 1.416384 -2.035881 
0 -0.972393 -0.713376 
2 0.214203 -0.920704 
3 -0.720654 -0.547652 
0 0.792467 0.314038 
1 -0.683410 0.416968 
4 -0.601178 -0.398534 
2 0.560107 -0.117088 
3 0.441155 0.120071 

negative 8
3 1.803367 -1.936378 
1 1.609831 -1.705926 
1 2.043243 0.140526 
0 0.602772 -1.551465 
3 0.938052 0.171176 
1 -0.243402 0.638571 
2 -0.494744 -0.095558 
4 0.031163 -0.451187 

negative 8
4 1.341438 -1.207363 
2 -0.190975 1.549839 
0 -1.501408 0.098644 
4 -0.765697 -0.813094 
0 0.858317 0.696743 
3 0.571516 -0.384499 
4 -0.254565 -0.116079 
0 0.207562 0.074685 

negative 7
3 1.326427 0.725324 
1 -0.811230 0.736689 
3 0.096439 1.083029 
4 -0.740303 0.678576 
3 -0.892416 -0.126774 
3 -0.128964 -0.665529 
0 -0.074977 0.286288 

negative 9
2 -2.247504 0.359675 
0 1.883835 -0.214079 
4 -0.743010 1.742316 
0 0.313861 1.526591 
0 -0.416435 1.059605 
0 -0.643444 0.640616 
2 0.822307 -0.051589 
0 -0.260946 0.301415 
0 0.068488 -0.161068 

negative 7
1 -1.912584 -0.577874 
2 -1.918338 0.476296 
3 -1.643009 0.787145 
0 -1.204374 0.592204 
3 0.184138 1.130198 
3 -0.756207 0.235145 
0 -0.277280 -0.449085 

negative 7
3 1.057370 1.373544 
3 1.562831 -0.589547 
3 -1.025817 1.280480 
2 1.395495 -0.099510 
3 -0.081798 0.556174 
4 0.158051 -0.016515 
0 -0.100556 0.048424 

negative 5
1 -1.682674 -1.707998 
3 1.635547 0.608124 
4 1.363494 0.063760 
3 -0.660491 -1.099115 
2 -0.744494 0.706830 

negative 10
3 2.053710 1.150173 
0 1.764726 -0.726624 
0 -1.493564 1.109695 
2 -1.341223 0.596863 
3 -0.434174 1.334358 
1 1.214276 -0.443120 
4 1.053618 0.726879 
2 -0.937486 0.395374 
3 -0.528549 0.839930 
4 -0.006095 0.516896 

negative 6
4 -1.221783 -1.219587 
0 1.620029 -0.243671 
0 0.152057 1.420652 
3 0.899116 0.709272 
1 0.307379 0.509457 
4 0.024812 -0.560698 

negative 6
1 -1.822246 0.587591 
3 -1.440193 0.762407 
4 -1.240426 0.787565 
1 -0.847329 0.434922 
3 -0.563267 0.708669 
1 0.835896 -0.042303 

negative 8
3 0.640828 -1.715014 
2 1.322018 0.459217 
0 0.330246 -1.010660 
3 -0.942452 0.396927 
2 -0.611520 -0.740267 
3 -0.899564 0.330515 
3 0.100843 -0.940715 
4 -0.828465 -0.450802 

negative 6
2 1.611647 1.949329 
0 -0.783948 -2.274297 
3 1.987755 -0.544407 
4 1.325748 1.558596 
0 0.185987 0.253143 
2 0.229154 -0.041262 

negative 10
0 -2.257389 -1.586673 
3 1.708741 -1.973907 
1 -2.165249 -0.617084 
0 1.915967 0.364280 
0 0.849156 -1.716760 
1 -0.926173 -0.663933 
1 0.778292 0.802559 
2 0.341692 0.348908 
4 0.218637 -0.352750 
2 -0.015393 0.408569 

negative 10
0 0.618115 -1.588757 
3 -0.962930 -1.227125 
2 1.504836 -0.082347 
4 -1.373698 0.574761 
4 0.370042 1.319368 
2 -0.930285 0.978288 
2 0.383640 -0.966504 
4 -0.099826 1.019375 
2 0.860070 0.433450 
1 -0.447213 0.227300 

negative 6
0 -2.248662 0.184767 
4 -0.254427 1.636414 
1 -0.949786 -0.417495 
1 0.551255 0.521252 
0 -0.236587 0.675451 
1 -0.634489 -0.146178 

negative 6
0 2.184824 -0.061054 
4 -0.030718 1.584433 
0 -0.519496 0.887492 
0 0.255948 0.779483 
3 -0.253996 0.340585 
2 -0.098505 0.289813 

negative 9
2 0.142775 2.283595 
3 2.262879 -0.277345 
1 -1.375851 1.347186 
3 1.723455 -0.286613 
2 -1.343564 -0.750010 
2 0.906766 1.096731 
3 0.742419 0.993582 
4 0.515598 -0.074484 
4 0.081649 -0.433337 

negative 8
1 2.048443 1.742481 
4 -1.900333 1.437081 
2 0.958788 1.101806 
3 -1.073816 0.940374 
2 -0.293318 -0.898149 
0 0.181904 -0.829886 
4 -0.627988 -0.407119 
4 0.505547 -0.201954 

negative 6
2 1.375023 2.723529 
1 -0.964389 1.871212 
2 1.584418 1.353798 
4 0.775959 -1.227920 
4 0.330211 -1.414293 
0 -0.384052 -0.217843 

negative 7
3 -0.270118 2.229690 
1 1.232163 1.111576 
3 0.518220 -1.320519 
2 -0.021028 1.330509 
2 -0.466017 -1.005779 
2 -0.964052 0.442453 
0 0.057121 0.273285 

negative 5
3 0.835121 2.530026 
1 -1.468346 2.207866 
2 -1.294565 -0.874839 
1 0.754931 -0.457223 
0 -0.318284 0.732079 

negative 7
2 1.112005 -0.501774 
1 -1.040755 0.617222 
4 0.372044 1.134690 
1 0.277818 1.038677 
2 -0.336559 0.929303 
3 0.221713 0.936776 
2 0.716791 0.532314 

negative 8
0 -1.263365 1.565892 
0 -1.338100 -1.190386 
0 -0.392655 -1.002378 
0 -0.594287 -0.783940 
1 0.914136 0.179571 
0 0.228273 0.565040 
4 0.258891 0.285867 
3 -0.302050 0.157871 

negative 8
0 2.120680 0.657766 
2 -2.012087 -0.883633 
3 0.387145 -1.295377 
3 1.081330 -0.443766 
0 -0.339501 0.730235 
2 0.713812 0.183340 
4 -0.069355 0.685699 
3 0.279719 0.290910 

negative 6
1 0.394748 2.180332 
0 0.406764 -1.476193 
1 -1.216380 0.782228 
3 -0.910536 -0.805677 
4 0.810237 0.834542 
1 -0.797796 -0.237414 

negative 9
0 1.970856 -0.703962 
0 0.765824 -1.677830 
3 -1.042134 0.690945 
2 -0.862689 0.549251 
3 -0.861671 0.379154 
0 0.301145 -0.874486 
4 -0.877905 0.260652 
2 -0.590567 0.234799 
3 0.162106 0.449215 

negative 9
3 -1.073075 1.714946 
2 1.487818 1.333692 
0 -1.623829 0.092034 
0 -1.306440 -0.633166 
1 0.826004 0.891355 
3 -0.240650 1.075569 
0 -0.462959 -0.619491 
1 0.488548 0.269984 
3 0.414322 0.028486 

negative 10
1 -0.464624 -2.659917 
4 -2.250272 0.896546 
1 0.718871 1.826387 
1 1.068600 1.459866 
1 1.227766 1.041548 
3 0.601412 0.882860 
0 -0.104921 -0.867171 
2 0.392638 -0.558161 
4 -0.564200 -0.252761 
3 0.305652 0.364837 

negative 7
2 -0.735466 1.690423 
4 0.142391 -1.359181 
1 0.438030 -0.896136 
1 -0.820867 0.515957 
1 -0.278974 -0.895690 
0 0.210348 -0.801697 
3 -0.401279 -0.580573 

negative 10
4 1.773979 -1.899146 
3 -1.479128 -0.856035 
4 0.516274 1.321326 
2 -1.395223 -0.084664 
3 1.061637 0.763332 
0 0.469840 0.998036 
2 -0.469066 -0.986290 
0 -0.173267 0.731868 
0 0.190469 -0.647323 
3 0.030951 0.134433 

negative 9
3 2.296724 -0.343826 
4 -1.233113 -1.852427 
3 2.073647 0.804366 
1 1.751245 -0.747407 
4 0.707869 1.655157 
0 -1.073230 0.976628 
4 0.202220 -0.905285 
3 -0.037791 0.754790 
1 -0.297556 0.306980 

negative 6
1 2.490524 0.332755 
0 -2.378400 -0.502700 
3 -0.243361 -1.843329 
3 -1.179532 0.698660 
1 0.562162 1.117378 
0 -0.285927 -0.420275 

negative 9
4 -2.195774 -0.817119 
2 1.455089 -0.012270 
0 0.496501 -1.239373 
3 -0.365474 1.239863 
1 0.902298 0.516596 
2 0.179777 0.927240 
2 0.056731 -0.868924 
4 0.394521 0.050569 
4 -0.138253 -0.141097 

negative 9
4 -1.464880 1.411903 
2 0.116040 1.851619 
4 0.712977 1.592591 
4 -0.979316 -1.140375 
4 1.313625 0.526787 
2 0.549769 -1.224186 
2 0.863702 0.310029 
1 -0.338492 0.841745 
2 0.065656 -0.410177 

negative 5
2 1.620322 2.445306 
2 0.373152 1.711349 
4 -0.033768 -1.678356 
3 0.404295 -1.490800 
0 0.474442 -0.379783 

negative 10
1 -2.176866 0.053692 
2 0.824629 1.547662 
4 -1.219582 -1.035476 
3 -1.018067 0.708466 
4 1.015261 -0.256846 
2 0.821604 -0.173371 
4 -0.692222 0.431382 
2 -0.392675 0.552308 
4 -0.386435 -0.118013 
1 0.048645 -0.140674 

negative 6
2 -1.423005 0.488306 
1 -0.278222 -1.234674 
3 0.484549 -0.947167 
3 -0.715531 0.120918 
1 -0.364488 0.420547 
3 0.065181 0.549042 

negative 7
1 -1.909441 1.674970 
3 0.168841 1.565423 
1 -0.038967 1.223781 
4 0.661291 -0.972728 
1 -0.505598 0.710463 
4 0.459036 -0.662543 
2 -0.564053 0.489668 

negative 5
4 1.454693 -0.726111 
1 -0.264745 -1.163004 
4 -0.986890 -0.207379 
0 -0.847058 0.318436 
3 0.348615 -0.015513 

negative 8
4 0.807832 1.889044 
3 -1.976534 -0.185013 
3 0.716154 0.992458 
4 1.004606 0.512951 
4 -0.206014 1.074119 
4 -0.070710 0.590249 
1 -0.274491 -0.436880 
0 -0.234776 -0.030366 

negative 5
4 0.998157 -1.576406 
1 -1.387704 -0.503507 
3 0.127425 -0.833970 
2 0.726571 -0.118727 
4 -0.527396 0.340914 

negative 8
4 1.885518 -0.036799 
4 0.906707 -1.165424 
3 1.376720 -0.275194 
0 -1.330092 0.102856 
0 -0.008981 -1.070323 
0 -0.280605 -0.821161 
2 0.834685 -0.205770 
3 -0.519928 0.210986 

negative 9
3 -0.061934 -3.085866 
2 1.226032 2.138929 
1 1.830573 1.200883 
2 1.531209 -1.435014 
1 -1.337468 0.194896 
1 -0.649582 0.855707 
3 -0.455682 0.820528 
0 0.672349 0.103401 
0 0.617738 0.138248 

negative 7
1 0.293823 -1.840860 
3 -1.640472 -0.817498 
4 1.523715 0.848492 
1 -0.987958 0.805605 
2 -0.641101 0.675503 
1 -0.389116 -0.052013 
4 0.279684 0.153614 

negative 10
1 -1.354185 1.138787 
4 1.210573 -0.743708 
0 -1.391451 -0.010331 
2 -0.612947 -1.197942 
2 0.285483 1.227096 
0 0.111236 1.204538 
0 0.507040 -0.694286 
1 -0.122435 0.595257 
0 -0.095735 -0.472117 
1 -0.216654 -0.073301 

negative 10
3 -0.525441 -3.356347 
0 1.049361 2.885895 
4 -1.407039 -1.531946 
2 -0.576650 1.039992 
1 -0.897866 0.630810 
2 1.076332 -0.102004 
1 0.933090 -0.392085 
4 0.615490 -0.467283 
1 0.298375 0.285794 
4 -0.164258 0.286781 

negative 8
1 -0.924293 -1.928896 
4 2.055595 0.207055 
3 -1.360650 -1.031265 
0 -1.590610 -0.418269 
3 0.900901 -1.162172 
0 0.157937 -0.853347 
2 -0.069135 0.812450 
2 0.153231 -0.201643 

negative 6
3 -0.623867 -1.962322 
0 0.223679 2.027598 
3 -0.981603 -1.186871 
3 -0.805390 0.335963 
1 0.772309 0.374697 
2 0.058681 -0.699686 

negative 9
1 -1.650644 -1.989520 
4 1.460995 1.505740 
2 -1.571256 -0.049918 
1 -0.927002 0.963814 
0 -0.156155 1.160376 
0 -0.033466 -0.810685 
0 0.648133 -0.361315 
2 0.616047 0.328997 
3 0.150804 -0.132602 

negative 9
4 0.426646 1.627152 
4 -1.559917 -0.195389 
4 -1.091406 0.593312 
2 -1.203364 0.175729 
1 1.012083 -0.402736 
4 0.997593 -0.274640 
2 -0.524584 0.782094 
4 -0.541050 -0.580634 
0 -0.220482 -0.385308 

negative 5
0 2.204174 -0.801035 
4 1.959042 0.915552 
4 0.120570 1.282681 
4 0.325741 0.779994 
1 0.201720 0.134455 

negative 5
4 -0.699423 -1.247813 
1 1.318129 0.312634 
4 -1.258731 -0.005764 
4 0.162002 1.214027 
2 -0.570275 -0.937659 

negative 6
4 -0.025977 -2.026796 
4 -0.859826 0.911558 
0 -0.030135 -1.169552 
1 0.172374 1.080771 
1 -0.350750 0.724745 
0 -0.366142 0.540786 

negative 8
4 1.788663 -0.263284 
0 1.410124 0.985430 
2 0.186092 -1.674845 
2 -1.430946 -0.476556 
0 -0.498425 0.697225 
3 0.601519 -0.364822 
2 0.267747 -0.516725 
0 0.225807 -0.445408 

negative 5
3 -2.039141 -1.926140 
3 1.469860 0.102174 
1 1.143730 -0.614398 
4 -0.393999 0.114783 
0 0.051576 0.297100 

negative 5
2 2.317398 -1.114598 
4 1.246615 -2.110765 
0 -0.789947 -0.644508 
0 -0.190821 -0.834885 
1 0.154791 -0.149244 

negative 5
3 1.389487 0.369924 
0 -0.477084 1.183478 
2 0.704487 0.981556 
0 0.982283 0.587665 
3 -0.491470 -0.867985 

negative 8
4 2.343981 -0.156668 
2 0.341681 2.278127 
0 -1.015999 -1.777607 
1 -0.712651 1.041499 
3 0.824479 0.752826 
1 -0.967276 0.096233 
3 -0.414993 -0.278169 
3 -0.235517 -0.261133 

negative 6
0 1.986192 0.270314 
1 0.638598 1.376100 
0 1.391785 -0.273877 
1 -0.929326 0.762985 
2 0.447737 -0.644884 
2 0.146227 -0.063992 

negative 8
0 -1.749350 -0.644055 
1 1.590372 0.651407 
4 -0.335945 1.602596 
3 -0.402675 -1.080213 
1 1.004608 0.364259 
3 0.019476 -0.696420 
0 -0.588365 -0.293593 
1 0.437835 -0.125992 

negative 9
2 -1.818351 3.068502 
0 -0.860076 1.770951 
3 1.525595 0.148094 
1 0.803324 0.878148 
0 -0.960775 0.695151 
4 1.077729 0.427436 
2 0.537171 0.160491 
3 -0.228980 -0.267643 
4 0.004489 -0.186649 

negative 5
3 -1.265284 -1.411453 
3 -0.603086 1.618446 
4 1.234012 0.364752 
4 -0.005441 1.239309 
3 0.106294 -0.418068 

negative 5
4 -1.650283 -1.823634 
1 -0.887801 0.037459 
2 0.570258 -0.443442 
1 0.135370 0.521821 
1 -0.469828 -0.179372 

negative 6
2 -1.241391 1.956873 
3 -1.563825 -0.189064 
1 1.513130 0.414930 
0 -1.355960 0.772578 
3 -1.120338 0.686682 
4 -0.536547 0.816901 

negative 9
2 0.088652 1.770348 
3 1.690022 0.520146 
4 0.091937 1.488201 
4 -1.093355 0.105872 
1 0.919170 -0.548552 
0 0.438570 -0.944198 
1 0.371793 -0.794797 
0 0.580386 -0.287239 
2 0.509531 0.196666 

negative 9
1 -2.800608 0.815252 
0 -0.517669 1.847145 
3 1.339944 -0.802233 
2 1.360592 0.074531 
2 0.300382 -1.211517 
2 0.120415 -1.169765 
0 0.183114 -1.048553 
3 0.599257 0.741125 
3 0.060262 0.051575 

negative 7
0 1.948720 0.101024 
1 1.310759 0.400075 
0 -1.066372 0.825111 
2 0.955562 0.291148 
3 0.696810 0.645260 
1 -0.351236 -0.677436 
1 0.223552 0.546947 

negative 10
0 1.979472 0.414938 
0 -1.236216 -0.867651 
0 1.333798 -0.198500 
4 -0.989649 -0.440337 
3 0.248588 -0.994520 
1 0.047639 -0.783471 
0 0.713941 0.149323 
2 0.670725 0.216056 
3 0.161268 0.262481 
2 -0.103019 0.281837 

negative 7
2 0.098196 2.535884 
4 -0.246264 -2.119930 
3 -1.825978 0.941571 
1 1.786581 0.844790 
2 0.000905 -0.818178 
0 0.057751 0.477007 
4 0.480053 -0.012876 

negative 7
1 0.985385 1.542659 
4 -0.722628 -1.405186 
1 1.547568 0.286390 
2 0.733384 -1.005365 
2 -0.459751 0.281144 
1 -0.170476 0.319203 
4 -0.054046 0.072988 

negative 6
0 -1.334191 1.634040 
2 -1.252315 0.985712 
2 0.166913 1.272250 
4 -0.057879 1.248640 
1 -1.110158 0.470876 
0 -0.139408 0.668896 

negative 5
0 -1.288407 1.370468 
4 0.980002 0.093271 
4 -0.741022 -0.128298 
4 -0.547187 0.010986 
3 0.272375 -0.172641 

negative 9
3 -3.787823 -1.793464 
3 1.436415 2.018357 
2 -1.263410 -0.124111 
4 -0.419388 -1.108270 
2 1.101027 0.283011 
1 -0.280642 -1.058638 
2 -0.072323 -0.875107 
0 -0.345093 -0.386842 
2 0.042464 -0.039562 

negative 7
4 -1.268920 1.392718 
0 1.662846 -0.379449 
0 -0.078260 1.622440 
3 -0.852465 -0.853456 
3 -1.063016 -0.416640 
1 -0.397865 0.616205 
4 0.262469 0.008178 

negative 9
0 0.307684 1.565608 
4 0.810258 -1.274515 
1 1.196661 0.559250 
3 0.747638 0.559464 
3 0.118482 -0.892885 
0 0.752188 0.231878 
2 -0.390350 0.524907 
4 -0.277558 0.566531 
4 -0.109785 0.027434 

negative 10
0 -2.317825 0.322990 
2 1.582408 1.322929 
2 1.034940 1.346382 
1 -0.460675 -1.615660 
1 1.470573 0.715271 
0 1.453780 -0.149347 
3 1.015128 -0.641914 
3 0.325000 1.035053 
3 0.670628 0.612987 
2 0.141501 -0.410987 

negative 8
2 1.820134 -1.134030 
1 -0.702412 -1.988269 
0 1.697839 -1.079022 
4 -1.353646 1.393645 
4 0.790032 -1.129492 
1 0.902946 0.253878 
0 -0.482730 -0.489527 
4 0.323232 0.056314 

negative 9
1 -2.791054 -0.605495 
0 1.433133 -0.905490 
4 1.421842 -0.822135 
1 1.122881 0.714992 
0 -0.373452 1.221310 
2 0.840138 -0.541866 
3 -0.524157 -0.209621 
0 -0.076898 0.356329 
3 -0.170403 -0.097198 

negative 8
3 -1.918730 -2.153086 
2 0.537693 -1.659935 
0 -1.400022 -0.660054 
3 -0.480585 -1.429030 
2 -0.290010 1.024081 
1 0.904904 -0.348989 
1 0.294025 0.166911 
0 0.059997 -0.164220 

negative 5
1 -0.134009 -1.782387 
1 0.879312 0.852481 
2 0.584753 -0.398712 
4 0.217881 0.019698 
3 0.071875 0.168987 

negative 7
2 2.207955 -2.446396 
3 1.910317 -1.217950 
4 -0.482389 1.115446 
2 -1.129454 0.126476 
1 -0.635417 0.424034 
1 0.460156 -0.050182 
1 0.012257 -0.181970 

negative 10
0 0.819906 2.431179 
0 2.415013 0.449474 
3 -1.568918 -1.334018 
1 1.536946 0.769903 
3 -0.155604 1.263425 
0 -0.372928 -0.815590 
3 0.333930 -0.639888 
2 0.458002 0.326593 
1 -0.198064 -0.480753 
4 -0.150655 0.089359 

negative 10
0 -2.350285 -0.306844 
2 1.948353 0.123441 
1 -1.409663 -0.324795 
1 1.219455 0.589388 
1 -0.630871 0.684855 
0 0.820103 0.217732 
3 0.459006 0.645523 
4 -0.056913 -0.666939 
4 0.374679 -0.551589 
0 -0.247929 0.325229 

negative 8
4 -1.090967 -0.874334 
4 -0.669706 -1.046024 
4 0.848510 0.526139 
3 0.970654 0.194211 
2 -0.833790 0.289095 
4 0.292001 -0.629006 
3 -0.642848 -0.139661 
1 0.215659 0.265588 

negative 9
3 -1.723975 -0.250634 
0 -0.486806 -1.272667 
4 -0.658374 -1.136965 
4 -1.144156 -0.403585 
1 -1.152820 0.293985 
4 -0.443602 0.963406 
2 0.486542 0.531959 
1 0.125985 -0.464489 
0 0.074321 0.471488 

negative 6
0 -2.880153 0.282221 
0 0.722648 -1.475118 
2 0.284023 1.539451 
4 0.355229 -0.738292 
4 -0.622683 0.129879 
4 -0.380773 0.400834 

negative 10
0 0.893267 -2.295055 
3 -2.004706 -0.390180 
4 -1.428282 0.841734 
1 0.897709 1.089187 
0 -0.634997 -1.244786 
3 -0.992735 -0.517948 
3 -0.874475 -0.237727 
3 -0.547785 -0.663364 
3 -0.411404 0.748936 
2 0.095735 0.589382 

negative 5
1 0.066691 -3.019947 
1 1.650163 0.388032 
0 -0.407513 -1.194874 
2 -1.159380 0.424609 
0 -1.158920 0.115409 

negative 6
0 -0.408730 2.218975 
4 1.958778 -0.821513 
1 0.412188 -1.834708 
1 -0.666512 -0.782441 
3 0.657332 0.212653 
3 -0.249413 0.499905 

negative 6
1 -2.901476 -1.368863 
0 -0.693922 1.878494 
2 -1.531858 -1.104644 
1 -1.616182 0.638031 
2 -1.442458 0.422109 
2 -0.250688 -0.610839 

negative 9
4 -2.175252 0.498098 
0 -2.122656 0.372864 
0 -1.302047 -1.360761 
1 0.423474 -1.237630 
4 1.213873 0.341457 
0 1.143854 0.229914 
3 0.651342 0.932403 
2 0.290937 0.417456 
4 0.050551 -0.140243 

negative 6
4 0.739051 1.783296 
0 1.587829 0.885612 
0 -1.598798 -0.139752 
4 -0.598879 -0.503495 
0 -0.525120 -0.010693 
4 0.387164 0.164220 

negative 10
0 -1.590205 -0.948105 
3 1.214313 -1.373921 
3 -0.366049 1.682075 
1 -1.430994 0.476238 
4 0.358403 -0.844319 
0 0.151315 0.727061 
2 -0.590945 -0.111553 
1 0.536147 0.075812 
2 0.510423 -0.078309 
3 0.198760 0.196163 

negative 5
1 0.798947 -1.879678 
2 1.266074 -0.260219 
3 0.988355 -0.753730 
3 -0.011652 -1.022633 
4 0.695234 -0.295055 

negative 9
0 1.186288 -1.618893 
1 1.647208 -0.632301 
2 0.554340 1.632436 
3 1.306335 -0.772801 
1 -0.251770 1.231622 
4 0.124674 1.161546 
2 -0.217580 -1.146479 
4 -0.506432 0.882951 
2 0.206492 -0.170260 

negative 8
3 -1.428716 2.366542 
4 -2.045240 -0.202765 
3 -1.577073 -0.561287 
1 -1.396855 -0.703453 
1 0.558784 1.151549 
1 -0.650620 0.847041 
2 0.167435 0.711502 
2 -0.373305 0.535354 

negative 5
2 0.034974 -1.585593 
2 1.462923 0.157093 
0 -0.322867 1.156598 
2 -0.146695 1.189868 
0 -0.665104 0.362088 

negative 8
1 0.289177 1.402778 
3 -0.598105 0.900952 
3 0.137245 0.955725 
4 -0.642852 0.214863 
4 0.081221 0.455495 
2 -0.024520 0.191278 
1 0.080707 0.156378 
2 -0.052362 0.054520 

negative 8
3 -3.834130 -1.249105 
4 -1.009126 2.109548 
3 -1.957001 -0.424859 
0 1.173124 1.536419 
4 -1.514707 0.275915 
1 0.412015 0.510438 
3 0.087442 -0.463932 
1 -0.018458 0.425751 

negative 10
3 -1.217575 -1.689784 
3 0.961915 -1.828883 
3 1.364736 -0.656972 
0 -1.446999 0.389924 
3 1.041260 0.983265 
3 1.420685 0.062959 
4 0.273899 -1.314586 
4 0.055414 1.161640 
2 -1.091047 0.077999 
3 -0.464689 0.877285 

negative 9
2 -0.648457 -2.887381 
3 -1.325128 0.722659 
4 -0.834107 -0.734027 
4 -0.693824 0.768395 
2 -0.397883 0.607049 
3 0.355296 -0.581461 
3 0.392510 0.107024 
2 -0.235004 -0.145606 
2 -0.156232 -0.041471 

negative 7
1 2.590276 -0.542700 
1 1.546798 1.846152 
4 -1.161850 0.829876 
4 -0.311333 0.873345 
1 0.800993 -0.081785 
0 -0.552942 -0.088724 
4 0.157096 -0.070894 

negative 7
0 1.898296 -0.502543 
1 0.903393 1.257452 
1 0.419010 1.373391 
4 0.862560 1.066851 
1 1.313358 0.293978 
0 0.154480 -1.135028 
4 -1.110940 -0.259261 

negative 8
2 -2.755706 -2.368267 
3 -0.679686 -1.988832 
1 -1.344991 0.785448 
2 0.521255 1.406317 
4 1.247176 -0.147251 
2 0.295867 1.175670 
4 0.217255 -1.117911 
1 0.246144 1.029434 

negative 10
2 2.506631 0.847471 
2 -1.181836 -0.641307 
4 0.032504 1.183541 
1 -0.381958 1.102510 
4 -0.902011 -0.584288 
2 1.020389 -0.218407 
4 0.662385 0.669592 
4 -0.214142 0.758555 
2 0.399240 -0.126248 
2 -0.258489 -0.246082 

negative 6
3 1.313361 0.826124 
1 -1.404229 -0.285151 
0 0.586419 1.160251 
2 -0.310852 -0.264267 
2 0.338861 0.136552 
1 0.216976 -0.107508 

negative 7
4 0.556828 2.358323 
3 -0.392981 1.704935 
1 -1.228667 0.964165 
2 -1.211510 0.486935 
0 0.968114 -0.315633 
2 -0.345780 0.046985 
3 -0.201521 0.111078 

negative 10
2 -1.211184 0.663744 
2 -1.132500 -0.727580 
3 -1.318963 -0.098585 
0 -0.065057 1.067922 
3 0.165990 -0.727135 
4 0.659694 -0.257787 
4 -0.083192 0.691002 
3 0.672098 -0.031166 
0 -0.188161 0.488367 
3 -0.279206 0.189533 

negative 8
4 -1.275004 -0.364972 
4 -1.057745 -0.569843 
3 1.155237 -0.097111 
2 1.044752 -0.032420 
3 -0.688817 0.560305 
2 -0.816824 0.047704 
0 0.539786 0.520801 
1 0.312792 -0.570791 

negative 10
4 -2.361924 -1.766678 
1 0.209976 1.742410 
4 -0.484315 -1.626544 
4 -0.086732 -1.583590 
3 -1.454922 0.604426 
4 -0.909466 -0.867193 
0 0.913459 0.146134 
4 0.897878 0.143226 
4 0.273127 0.575719 
0 0.444068 -0.152899 

negative 10
4 2.002007 1.181580 
2 0.430915 -1.791354 
0 -0.356094 1.540709 
4 0.696426 -1.348243 
3 0.270238 1.337954 
4 -0.823130 -0.394517 
4 0.018259 -0.894054 
0 -0.621557 -0.128274 
2 0.475098 0.326467 
4 0.025207 -0.247870 

negative 9
3 1.222929 -2.045200 
4 -0.379307 1.806916 
0 -1.627402 0.756875 
2 -1.681527 -0.559458 
1 0.266609 -1.749962 
4 -1.189637 0.051115 
0 1.031446 -0.402237 
2 -0.419513 -0.021297 
4 0.275305 0.317121 

negative 7
4 1.550339 -1.629292 
2 -1.605276 1.462223 
1 1.753793 0.082933 
3 0.769034 0.928688 
4 0.341221 -0.807011 
3 -0.589240 -0.634989 
1 -0.308322 -0.190949 

negative 9
2 2.202363 0.138429 
2 2.162328 0.383987 
4 -0.215461 2.168342 
3 -0.507304 -1.412717 
3 -0.027523 1.485198 
2 0.603513 0.780159 
4 0.242434 0.633601 
2 -0.522393 0.296993 
4 0.057568 -0.391962 

negative 7
3 2.012440 0.148304 
2 0.669422 1.189180 
2 0.772729 -0.470652 
3 0.817795 0.259053 
3 0.755668 0.268630 
3 -0.780700 0.152014 
1 0.505059 -0.339464 

negative 10
3 1.081139 1.244613 
3 -1.264871 0.940167 
1 -1.135402 0.424427 
0 -0.958257 -0.648503 
4 0.703801 -0.770934 
0 0.509938 0.896323 
0 0.715822 0.486699 
2 -0.188940 -0.662616 
1 0.319841 0.357958 
4 -0.088639 0.240600 

negative 5
4 1.335191 1.478279 
4 -0.705400 -1.276452 
0 0.929411 0.630004 
1 0.111377 -0.319186 
0 0.168571 -0.032266 

negative 5
2 -1.482956 2.082922 
3 -1.799040 -1.676297 
2 1.392023 0.818454 
1 0.705573 0.908402 
4 -0.097798 -0.396978 

negative 8
1 -0.566492 2.528029 
1 -0.997775 2.041676 
2 -1.766178 1.032197 
1 1.366609 0.402257 
0 -0.768387 -0.284365 
2 -0.059487 0.428629 
0 -0.422606 -0.063791 
0 0.172604 0.190053 

negative 6
4 -0.591174 -2.497130 
4 -0.593979 1.909449 
1 0.639426 1.844391 
1 1.691761 0.100230 
4 -0.855636 -0.409640 
3 -0.044744 -0.046169 

negative 9
1 -2.295642 0.417693 
3 1.969934 0.951681 
3 0.275584 1.798434 
4 -1.391298 0.643064 
0 1.381111 0.202114 
4 -0.724265 0.430495 
2 0.157135 0.496305 
3 0.242253 0.443841 
0 -0.082238 -0.246708 

negative 8
3 -0.745930 2.193606 
1 1.486629 0.922478 
0 -1.380182 1.046874 
4 -0.252854 -1.156843 
4 0.788323 0.186605 
0 -0.011988 0.693456 
4 0.657364 -0.103781 
2 0.545717 -0.066456 

negative 7
1 0.464485 -2.265586 
1 -0.827234 2.084727 
2 0.087593 2.112735 
2 -1.503668 0.466893 
1 0.130477 1.113340 
1 0.146803 0.201305 
1 0.051790 -0.055283 

negative 8
4 -1.981049 -0.364045 
1 1.790826 0.061565 
1 -0.542576 -1.436897 
0 1.444387 0.279939 
3 0.637312 -1.323607 
0 0.846498 0.088243 
2 0.228846 -0.608182 
4 -0.181750 0.333876 

negative 10
0 1.682945 -1.310667 
4 0.715959 1.824154 
0 1.366184 0.526628 
1 -0.727841 1.131622 
4 -0.878625 -1.017589 
0 -0.641907 -1.087381 
0 0.942565 0.620680 
4 -0.007032 -0.906150 
4 0.741363 0.010852 
0 -0.126919 -0.120161 

negative 10
0 -0.703022 1.813583 
4 -1.550215 -0.190694 
0 -1.409868 0.202004 
0 1.171002 -0.635307 
4 0.781504 1.078281 
3 0.225426 1.256464 
2 -0.728960 -0.897244 
2 -0.788868 0.802275 
1 -0.594210 0.675261 
1 -0.178017 0.691245 

negative 9
4 -0.632294 -1.453703 
0 0.643750 -0.953845 
0 0.694802 0.846084 
3 0.598735 0.915885 
1 0.135408 -0.943709 
4 -0.572229 0.728470 
1 0.267286 -0.788554 
1 -0.714209 -0.024780 
1 -0.311784 0.282989 

negative 8
0 -2.149844 -0.926972 
3 1.400196 -1.542462 
4 -1.649334 0.021503 
2 0.511374 1.360349 
4 -0.981654 0.968507 
0 0.602085 1.104041 
3 0.308242 0.894147 
1 -0.391851 -0.489758 

negative 8
1 1.325370 2.280980 
2 2.259622 0.590057 
2 -1.959519 -0.804512 
0 -1.037616 -1.035549 
1 -1.299099 0.381475 
0 1.205572 0.570831 
2 1.226220 0.350746 
1 0.935753 0.623419 

negative 10
2 -2.949158 -0.784441 
0 1.001648 1.441917 
3 -0.230675 -1.352034 
4 -1.338864 -0.273987 
1 0.928412 -0.663671 
2 0.806165 -0.281510 
1 0.726123 0.420935 
1 0.049070 -0.714249 
4 -0.092824 0.457297 
2 -0.049321 -0.028775 

negative 5
3 -1.880145 -0.486441 
2 1.138259 -1.285838 
1 -1.105570 -0.689180 
2 1.102993 -0.306321 
4 -0.027790 0.138211 

negative 7
1 -1.663824 1.727121 
4 1.479678 -1.759284 
0 0.700645 1.291249 
3 0.669396 1.141790 
2 0.747392 0.689534 
2 -0.870623 -0.460033 
3 0.691084 -0.472195 

negative 8
1 -0.048468 1.831398 
3 -1.810269 0.080240 
1 0.971670 -1.184788 
1 1.477660 -0.401042 
4 0.964497 1.058122 
0 -0.277163 1.363158 
3 -1.021929 -0.856264 
3 -0.509374 -0.922568 

negative 10
3 0.663978 2.319430 
4 -0.179698 -1.524186 
1 -0.943367 -0.975137 
2 1.292683 -0.341866 
0 1.300322 0.075127 
2 -0.973031 0.570477 
4 -1.023630 -0.239064 
3 1.042435 0.041624 
0 -0.296890 -0.760437 
0 0.460034 0.488301 

negative 8
1 -1.662125 0.850495 
3 1.309669 0.781115 
1 0.813204 -1.192791 
4 1.374507 -0.057524 
1 0.145320 -1.016397 
2 0.636561 -0.237133 
4 -0.339398 -0.321034 
4 -0.350468 -0.218235 

negative 9
2 -1.329566 2.175940 
3 -1.102825 1.383442 
2 1.235659 0.648922 
1 0.336219 0.860623 
4 0.712592 -0.562541 
2 -0.560322 -0.633057 
4 -0.268866 -0.743285 
4 0.643803 0.134980 
0 -0.547585 -0.052280 

negative 5
0 -2.434304 -2.215928 
0 -1.572791 0.005862 
0 1.153659 0.747632 
0 0.655583 -1.063752 
2 0.658142 -0.343336 

negative 5
2 1.649402 -2.208513 
1 0.992331 -0.303586 
2 -0.791009 -0.635026 
4 0.094740 -0.958519 
1 0.749992 0.574617 

negative 9
0 -1.216127 1.582768 
4 -1.593952 0.545441 
1 -0.220427 -1.486305 
0 -1.231273 -0.550399 
3 0.714434 1.029501 
1 -0.405388 -0.830296 
1 0.707662 -0.113561 
4 0.423733 0.037975 
3 0.013682 -0.251304 

negative 10
3 -2.877999 1.533582 
2 -1.011110 1.960974 
3 1.013886 1.630230 
4 -1.871394 -0.413243 
0 1.519297 0.311408 
4 -1.278008 0.497918 
3 -0.395001 1.305923 
2 -0.015865 0.894831 
2 0.750243 -0.341666 
3 0.177881 0.368457 

negative 9
2 2.367390 -0.246879 
4 0.419939 1.893074 
2 1.053497 1.510334 
2 1.368409 -1.091562 
1 0.605955 -1.264523 
0 1.056615 0.899739 
2 -1.124322 0.420302 
1 1.006451 -0.647510 
4 -0.327866 -1.150578 

negative 7
1 1.283115 -1.515381 
1 -1.285908 -0.121464 
4 -0.700158 0.779457 
0 -0.445747 -0.868191 
4 0.432651 0.804097 
1 -0.396836 0.025639 
1 0.015635 -0.094376 

negative 7
2 -2.129679 1.521956 
4 -0.813483 -1.224712 
1 0.089126 1.358267 
1 -1.116585 -0.294402 
4 -1.113866 -0.006007 
0 0.790306 -0.256235 
3 0.079140 -0.797791 

negative 5
4 -2.052005 -0.175389 
4 -1.025519 0.922539 
1 0.168778 -0.850869 
3 -0.616199 -0.112130 
3 -0.149355 0.096524 

negative 6
3 -0.279170 1.727578 
0 1.676863 -0.326547 
2 0.599847 1.475586 
0 1.125963 -0.345860 
3 -0.708244 -0.039813 
3 -0.074940 -0.383521 

negative 10
4 -2.139038 -2.345864 
3 1.089570 1.054142 
0 0.172511 1.493582 
2 -1.290182 -0.168143 
1 -0.526103 1.164661 
2 -0.913382 0.697154 
3 0.500725 -0.747879 
0 0.752361 0.332245 
2 0.734820 0.186977 
3 0.284771 0.045418 

negative 8
1 0.976262 -1.941590 
3 1.356902 -0.713355 
4 0.470461 -0.950145 
0 0.892789 0.180046 
0 0.882754 0.010994 
1 0.561416 0.461640 
1 0.366499 -0.094936 
1 0.080481 0.206473 

negative 9
4 1.919230 -1.152657 
3 1.561691 -0.481740 
3 -0.489917 -1.389196 
1 0.511872 -1.163122 
1 1.085916 -0.017989 
0 -0.840954 0.358556 
3 0.668483 0.264099 
1 0.097311 0.550957 
4 -0.308178 -0.437565 

negative 5
1 -0.409713 -2.511682 
1 0.525196 1.513531 
4 0.914567 -0.835196 
0 -0.774776 -0.656604 
3 0.655302 0.123215 

negative 7
3 0.163585 -1.655084 
4 -0.518953 0.868870 
2 -0.907435 -0.005868 
0 0.593883 -0.667314 
1 -0.421414 0.743996 
3 -0.318262 0.404636 
4 0.078665 0.341155 

negative 9
3 1.159480 2.619116 
2 2.112636 0.180687 
0 -2.094776 -0.062988 
3 1.112995 -1.017452 
4 -0.383294 1.422928 
2 -0.149826 -1.185380 
4 0.833923 -0.416307 
3 0.466579 0.585529 
1 -0.671007 0.145671 

negative 8
0 -0.153746 -2.958780 
0 2.024349 -1.428680 
0 -1.710342 0.972766 
1 1.101507 1.183013 
2 -0.760454 -0.731734 
0 -0.841845 0.072100 
4 0.416168 -0.446437 
3 0.508107 -0.152893 

negative 8
4 -0.983865 -2.272661 
1 -0.783975 -2.262273 
1 -1.374978 -0.694048 
4 0.341813 -1.489769 
4 -0.784911 -0.991827 
0 1.169865 0.113685 
0 -0.341914 -0.544145 
4 -0.495406 0.050937 

negative 8
4 -1.957273 -0.697407 
1 1.802346 -0.342668 
0 -0.431360 1.440437 
1 0.664904 0.852040 
3 0.434375 0.934493 
0 0.548577 -0.636281 
4 0.594413 -0.180360 
2 -0.471492 0.249137 

